[25/Feb/2021:17:29:23] ENGINE Restarting because /Users/vitaliyuvarov/Documents/Greenhouse-control/controlers/StatisticController.py changed.
[25/Feb/2021:17:29:23] ENGINE Stopped thread 'Autoreloader'.
[25/Feb/2021:17:29:23] ENGINE Bus STOPPING
[25/Feb/2021:17:29:23] ENGINE HTTP Server cherrypy._cpwsgi_server.CPWSGIServer(('0.0.0.0', 8080)) shut down
[25/Feb/2021:17:29:23] ENGINE Bus STOPPED
[25/Feb/2021:17:29:23] ENGINE Bus EXITING
[25/Feb/2021:17:29:23] ENGINE Bus EXITED
[25/Feb/2021:17:29:23] ENGINE Waiting for child threads to terminate...
[25/Feb/2021:17:29:23] ENGINE Waiting for thread Thread-29.
[25/Feb/2021:17:29:27] ENGINE Re-spawning /Library/Developer/CommandLineTools/usr/bin/python3 /Users/vitaliyuvarov/Documents/Greenhouse-control/controlers/main.py
[25/Feb/2021:17:29:28] ENGINE Listening for SIGTERM.
[25/Feb/2021:17:29:28] ENGINE Listening for SIGHUP.
[25/Feb/2021:17:29:28] ENGINE Listening for SIGUSR1.
[25/Feb/2021:17:29:28] ENGINE Listening for SIGQUIT.
[25/Feb/2021:17:29:28] ENGINE Listening for SIGINT.
[25/Feb/2021:17:29:28] ENGINE Listening for SIGTERM.
[25/Feb/2021:17:29:28] ENGINE Listening for SIGHUP.
[25/Feb/2021:17:29:28] ENGINE Listening for SIGUSR1.
[25/Feb/2021:17:29:28] ENGINE Bus STARTING
[25/Feb/2021:17:29:28] ENGINE Started monitor thread 'Autoreloader'.
[25/Feb/2021:17:29:28] ENGINE Serving on http://0.0.0.0:8080
[25/Feb/2021:17:29:28] ENGINE Bus STARTED
[25/Feb/2021:17:36:37] ENGINE Restarting because /Users/vitaliyuvarov/Documents/Greenhouse-control/controlers/main.py changed.
[25/Feb/2021:17:36:37] ENGINE Stopped thread 'Autoreloader'.
[25/Feb/2021:17:36:37] ENGINE Bus STOPPING
[25/Feb/2021:17:36:37] ENGINE HTTP Server cherrypy._cpwsgi_server.CPWSGIServer(('0.0.0.0', 8080)) shut down
[25/Feb/2021:17:36:37] ENGINE Bus STOPPED
[25/Feb/2021:17:36:37] ENGINE Bus EXITING
[25/Feb/2021:17:36:37] ENGINE Bus EXITED
[25/Feb/2021:17:36:37] ENGINE Waiting for child threads to terminate...
[25/Feb/2021:17:36:37] ENGINE Waiting for thread Thread-97.
[25/Feb/2021:17:36:40] ENGINE Re-spawning /Library/Developer/CommandLineTools/usr/bin/python3 /Users/vitaliyuvarov/Documents/Greenhouse-control/controlers/main.py
[25/Feb/2021:17:36:41] ENGINE Listening for SIGTERM.
[25/Feb/2021:17:36:41] ENGINE Listening for SIGHUP.
[25/Feb/2021:17:36:41] ENGINE Listening for SIGUSR1.
[25/Feb/2021:17:36:41] ENGINE Listening for SIGQUIT.
[25/Feb/2021:17:36:41] ENGINE Listening for SIGINT.
[25/Feb/2021:17:36:41] ENGINE Listening for SIGTERM.
[25/Feb/2021:17:36:41] ENGINE Listening for SIGHUP.
[25/Feb/2021:17:36:41] ENGINE Listening for SIGUSR1.
[25/Feb/2021:17:36:41] ENGINE Bus STARTING
[25/Feb/2021:17:36:41] ENGINE Started monitor thread 'Autoreloader'.
[25/Feb/2021:17:36:41] ENGINE Serving on http://0.0.0.0:8080
[25/Feb/2021:17:36:41] ENGINE Bus STARTED
[25/Feb/2021:17:36:47] HTTP 
Traceback (most recent call last):
  File "/Users/vitaliyuvarov/Library/Python/3.7/lib/python/site-packages/munch/__init__.py", line 103, in __getattr__
    return object.__getattribute__(self, k)
AttributeError: 'Munch' object has no attribute 'fans'

During handling of the above exception, another exception occurred:

Traceback (most recent call last):
  File "/Users/vitaliyuvarov/Library/Python/3.7/lib/python/site-packages/munch/__init__.py", line 106, in __getattr__
    return self[k]
KeyError: 'fans'

During handling of the above exception, another exception occurred:

Traceback (most recent call last):
  File "/Users/vitaliyuvarov/Library/Python/3.7/lib/python/site-packages/cherrypy/_cprequest.py", line 638, in respond
    self._do_respond(path_info)
  File "/Users/vitaliyuvarov/Library/Python/3.7/lib/python/site-packages/cherrypy/_cprequest.py", line 697, in _do_respond
    response.body = self.handler()
  File "/Users/vitaliyuvarov/Library/Python/3.7/lib/python/site-packages/cherrypy/lib/encoding.py", line 219, in __call__
    self.body = self.oldhandler(*args, **kwargs)
  File "/Users/vitaliyuvarov/Library/Python/3.7/lib/python/site-packages/cherrypy/_cpdispatch.py", line 54, in __call__
    return self.callable(*self.args, **self.kwargs)
  File "/Users/vitaliyuvarov/Documents/Greenhouse-control/controlers/main.py", line 52, in index
    print(peripherals.fans)
  File "/Users/vitaliyuvarov/Library/Python/3.7/lib/python/site-packages/munch/__init__.py", line 108, in __getattr__
    raise AttributeError(k)
AttributeError: fans
[25/Feb/2021:17:36:47] HTTP 
Request Headers:
  Remote-Addr: 127.0.0.1
  HOST: localhost:8080
  CONNECTION: keep-alive
  UPGRADE-INSECURE-REQUESTS: 1
  USER-AGENT: Mozilla/5.0 (Macintosh; Intel Mac OS X 11_1_0) AppleWebKit/537.36 (KHTML, like Gecko) Chrome/88.0.4324.182 Safari/537.36
  ACCEPT: text/html,application/xhtml+xml,application/xml;q=0.9,image/avif,image/webp,image/apng,*/*;q=0.8,application/signed-exchange;v=b3;q=0.9
  SEC-FETCH-SITE: same-origin
  SEC-FETCH-MODE: navigate
  SEC-FETCH-USER: ?1
  SEC-FETCH-DEST: document
  REFERER: http://localhost:8080/statistic
  ACCEPT-ENCODING: gzip, deflate, br
  ACCEPT-LANGUAGE: en-US,en;q=0.9,ru;q=0.8,uk;q=0.7
  COOKIE: SL_G_WPT_TO=ru; SL_GWPT_Show_Hide_tmp=undefined; SL_wptGlobTipTmp=undefined; shell.omnisearch.results.layoutId=card; AMCVS_8F99160E571FC0427F000101%40AdobeOrg=1; lang=en%3Aus; s_cc=true; _ga=GA1.1.36434575.1609859714; AMCV_8F99160E571FC0427F000101%40AdobeOrg=1687686476%7CMCIDTS%7C18639%7CMCMID%7C63295450452477475253923759076470392172%7CMCAAMLH-1611053506%7C6%7CMCAAMB-1611053506%7C6G1ynYcLPuiQxYZrsz_pkqfLG9yMXBpb2zX5dvJdYQJzPXImdj0y%7CMCCIDH%7C1895024138%7CMCOPTOUT-1610455622s%7CNONE%7CMCAID%7CNONE%7CMCSYNCSOP%7C411-18640%7CvVersion%7C3.0.0; s_sq=%5B%5BB%5D%5D; cq-authoring-mode=TOUCH; JSESSIONID=node0krw3z6hefl3mgjc08jrqp8w0.node0; cq-assets-files-files=card; cq-editor-layer.page=Edit; wcmmode=edit; login-token=bf74ebda-5674-4a65-961a-824a9193ec8a%3a7da327d5-8d0b-44c8-a76d-45b73544a210_84e5b931f5836fbafccce078b09bf630%3acrx.default
[25/Feb/2021:17:37:17] ENGINE Restarting because /Users/vitaliyuvarov/Documents/Greenhouse-control/controlers/main.py changed.
[25/Feb/2021:17:37:17] ENGINE Stopped thread 'Autoreloader'.
[25/Feb/2021:17:37:17] ENGINE Bus STOPPING
[25/Feb/2021:17:37:17] ENGINE HTTP Server cherrypy._cpwsgi_server.CPWSGIServer(('0.0.0.0', 8080)) shut down
[25/Feb/2021:17:37:17] ENGINE Bus STOPPED
[25/Feb/2021:17:37:17] ENGINE Bus EXITING
[25/Feb/2021:17:37:17] ENGINE Bus EXITED
[25/Feb/2021:17:37:17] ENGINE Waiting for child threads to terminate...
[25/Feb/2021:17:37:17] ENGINE Waiting for thread Thread-20.
[25/Feb/2021:17:37:22] ENGINE Re-spawning /Library/Developer/CommandLineTools/usr/bin/python3 /Users/vitaliyuvarov/Documents/Greenhouse-control/controlers/main.py
[25/Feb/2021:17:37:22] ENGINE Listening for SIGTERM.
[25/Feb/2021:17:37:22] ENGINE Listening for SIGHUP.
[25/Feb/2021:17:37:22] ENGINE Listening for SIGUSR1.
[25/Feb/2021:17:37:22] ENGINE Listening for SIGQUIT.
[25/Feb/2021:17:37:22] ENGINE Listening for SIGINT.
[25/Feb/2021:17:37:22] ENGINE Listening for SIGTERM.
[25/Feb/2021:17:37:22] ENGINE Listening for SIGHUP.
[25/Feb/2021:17:37:22] ENGINE Listening for SIGUSR1.
[25/Feb/2021:17:37:22] ENGINE Bus STARTING
[25/Feb/2021:17:37:22] ENGINE Started monitor thread 'Autoreloader'.
[25/Feb/2021:17:37:23] ENGINE Serving on http://0.0.0.0:8080
[25/Feb/2021:17:37:23] ENGINE Bus STARTED
[25/Feb/2021:17:37:32] HTTP 
Traceback (most recent call last):
  File "/Users/vitaliyuvarov/Library/Python/3.7/lib/python/site-packages/munch/__init__.py", line 103, in __getattr__
    return object.__getattribute__(self, k)
AttributeError: 'Munch' object has no attribute 'fans'

During handling of the above exception, another exception occurred:

Traceback (most recent call last):
  File "/Users/vitaliyuvarov/Library/Python/3.7/lib/python/site-packages/munch/__init__.py", line 106, in __getattr__
    return self[k]
KeyError: 'fans'

During handling of the above exception, another exception occurred:

Traceback (most recent call last):
  File "/Users/vitaliyuvarov/Library/Python/3.7/lib/python/site-packages/cherrypy/_cprequest.py", line 638, in respond
    self._do_respond(path_info)
  File "/Users/vitaliyuvarov/Library/Python/3.7/lib/python/site-packages/cherrypy/_cprequest.py", line 697, in _do_respond
    response.body = self.handler()
  File "/Users/vitaliyuvarov/Library/Python/3.7/lib/python/site-packages/cherrypy/lib/encoding.py", line 219, in __call__
    self.body = self.oldhandler(*args, **kwargs)
  File "/Users/vitaliyuvarov/Library/Python/3.7/lib/python/site-packages/cherrypy/_cpdispatch.py", line 54, in __call__
    return self.callable(*self.args, **self.kwargs)
  File "/Users/vitaliyuvarov/Documents/Greenhouse-control/controlers/main.py", line 52, in index
    print(peripherals.fans)
  File "/Users/vitaliyuvarov/Library/Python/3.7/lib/python/site-packages/munch/__init__.py", line 108, in __getattr__
    raise AttributeError(k)
AttributeError: fans
[25/Feb/2021:17:37:32] HTTP 
Request Headers:
  Remote-Addr: 127.0.0.1
  HOST: localhost:8080
  CONNECTION: keep-alive
  CACHE-CONTROL: max-age=0
  UPGRADE-INSECURE-REQUESTS: 1
  USER-AGENT: Mozilla/5.0 (Macintosh; Intel Mac OS X 11_1_0) AppleWebKit/537.36 (KHTML, like Gecko) Chrome/88.0.4324.182 Safari/537.36
  ACCEPT: text/html,application/xhtml+xml,application/xml;q=0.9,image/avif,image/webp,image/apng,*/*;q=0.8,application/signed-exchange;v=b3;q=0.9
  SEC-FETCH-SITE: same-origin
  SEC-FETCH-MODE: navigate
  SEC-FETCH-USER: ?1
  SEC-FETCH-DEST: document
  REFERER: http://localhost:8080/statistic
  ACCEPT-ENCODING: gzip, deflate, br
  ACCEPT-LANGUAGE: en-US,en;q=0.9,ru;q=0.8,uk;q=0.7
  COOKIE: SL_G_WPT_TO=ru; SL_GWPT_Show_Hide_tmp=undefined; SL_wptGlobTipTmp=undefined; shell.omnisearch.results.layoutId=card; AMCVS_8F99160E571FC0427F000101%40AdobeOrg=1; lang=en%3Aus; s_cc=true; _ga=GA1.1.36434575.1609859714; AMCV_8F99160E571FC0427F000101%40AdobeOrg=1687686476%7CMCIDTS%7C18639%7CMCMID%7C63295450452477475253923759076470392172%7CMCAAMLH-1611053506%7C6%7CMCAAMB-1611053506%7C6G1ynYcLPuiQxYZrsz_pkqfLG9yMXBpb2zX5dvJdYQJzPXImdj0y%7CMCCIDH%7C1895024138%7CMCOPTOUT-1610455622s%7CNONE%7CMCAID%7CNONE%7CMCSYNCSOP%7C411-18640%7CvVersion%7C3.0.0; s_sq=%5B%5BB%5D%5D; cq-authoring-mode=TOUCH; JSESSIONID=node0krw3z6hefl3mgjc08jrqp8w0.node0; cq-assets-files-files=card; cq-editor-layer.page=Edit; wcmmode=edit; login-token=bf74ebda-5674-4a65-961a-824a9193ec8a%3a7da327d5-8d0b-44c8-a76d-45b73544a210_84e5b931f5836fbafccce078b09bf630%3acrx.default
[25/Feb/2021:17:37:44] ENGINE Restarting because /Users/vitaliyuvarov/Documents/Greenhouse-control/controlers/main.py changed.
[25/Feb/2021:17:37:44] ENGINE Stopped thread 'Autoreloader'.
[25/Feb/2021:17:37:44] ENGINE Bus STOPPING
[25/Feb/2021:17:37:44] ENGINE HTTP Server cherrypy._cpwsgi_server.CPWSGIServer(('0.0.0.0', 8080)) shut down
[25/Feb/2021:17:37:44] ENGINE Bus STOPPED
[25/Feb/2021:17:37:44] ENGINE Bus EXITING
[25/Feb/2021:17:37:44] ENGINE Bus EXITED
[25/Feb/2021:17:37:44] ENGINE Waiting for child threads to terminate...
[25/Feb/2021:17:37:44] ENGINE Waiting for thread Thread-17.
[25/Feb/2021:17:37:48] ENGINE Re-spawning /Library/Developer/CommandLineTools/usr/bin/python3 /Users/vitaliyuvarov/Documents/Greenhouse-control/controlers/main.py
[25/Feb/2021:17:37:48] ENGINE Listening for SIGTERM.
[25/Feb/2021:17:37:48] ENGINE Listening for SIGHUP.
[25/Feb/2021:17:37:48] ENGINE Listening for SIGUSR1.
[25/Feb/2021:17:37:48] ENGINE Listening for SIGQUIT.
[25/Feb/2021:17:37:48] ENGINE Listening for SIGINT.
[25/Feb/2021:17:37:49] ENGINE Listening for SIGTERM.
[25/Feb/2021:17:37:49] ENGINE Listening for SIGHUP.
[25/Feb/2021:17:37:49] ENGINE Listening for SIGUSR1.
[25/Feb/2021:17:37:49] ENGINE Bus STARTING
[25/Feb/2021:17:37:49] ENGINE Started monitor thread 'Autoreloader'.
[25/Feb/2021:17:37:49] ENGINE Serving on http://0.0.0.0:8080
[25/Feb/2021:17:37:49] ENGINE Bus STARTED
[25/Feb/2021:17:37:53] HTTP 
Traceback (most recent call last):
  File "/Users/vitaliyuvarov/Library/Python/3.7/lib/python/site-packages/munch/__init__.py", line 103, in __getattr__
    return object.__getattribute__(self, k)
AttributeError: 'Munch' object has no attribute 'fans'

During handling of the above exception, another exception occurred:

Traceback (most recent call last):
  File "/Users/vitaliyuvarov/Library/Python/3.7/lib/python/site-packages/munch/__init__.py", line 106, in __getattr__
    return self[k]
KeyError: 'fans'

During handling of the above exception, another exception occurred:

Traceback (most recent call last):
  File "/Users/vitaliyuvarov/Library/Python/3.7/lib/python/site-packages/cherrypy/_cprequest.py", line 638, in respond
    self._do_respond(path_info)
  File "/Users/vitaliyuvarov/Library/Python/3.7/lib/python/site-packages/cherrypy/_cprequest.py", line 697, in _do_respond
    response.body = self.handler()
  File "/Users/vitaliyuvarov/Library/Python/3.7/lib/python/site-packages/cherrypy/lib/encoding.py", line 219, in __call__
    self.body = self.oldhandler(*args, **kwargs)
  File "/Users/vitaliyuvarov/Library/Python/3.7/lib/python/site-packages/cherrypy/_cpdispatch.py", line 54, in __call__
    return self.callable(*self.args, **self.kwargs)
  File "/Users/vitaliyuvarov/Documents/Greenhouse-control/controlers/main.py", line 52, in index
    print(peripherals.fans)
  File "/Users/vitaliyuvarov/Library/Python/3.7/lib/python/site-packages/munch/__init__.py", line 108, in __getattr__
    raise AttributeError(k)
AttributeError: fans
[25/Feb/2021:17:37:53] HTTP 
Request Headers:
  Remote-Addr: 127.0.0.1
  HOST: localhost:8080
  CONNECTION: keep-alive
  CACHE-CONTROL: max-age=0
  UPGRADE-INSECURE-REQUESTS: 1
  USER-AGENT: Mozilla/5.0 (Macintosh; Intel Mac OS X 11_1_0) AppleWebKit/537.36 (KHTML, like Gecko) Chrome/88.0.4324.182 Safari/537.36
  ACCEPT: text/html,application/xhtml+xml,application/xml;q=0.9,image/avif,image/webp,image/apng,*/*;q=0.8,application/signed-exchange;v=b3;q=0.9
  SEC-FETCH-SITE: same-origin
  SEC-FETCH-MODE: navigate
  SEC-FETCH-USER: ?1
  SEC-FETCH-DEST: document
  REFERER: http://localhost:8080/statistic
  ACCEPT-ENCODING: gzip, deflate, br
  ACCEPT-LANGUAGE: en-US,en;q=0.9,ru;q=0.8,uk;q=0.7
  COOKIE: SL_G_WPT_TO=ru; SL_GWPT_Show_Hide_tmp=undefined; SL_wptGlobTipTmp=undefined; shell.omnisearch.results.layoutId=card; AMCVS_8F99160E571FC0427F000101%40AdobeOrg=1; lang=en%3Aus; s_cc=true; _ga=GA1.1.36434575.1609859714; AMCV_8F99160E571FC0427F000101%40AdobeOrg=1687686476%7CMCIDTS%7C18639%7CMCMID%7C63295450452477475253923759076470392172%7CMCAAMLH-1611053506%7C6%7CMCAAMB-1611053506%7C6G1ynYcLPuiQxYZrsz_pkqfLG9yMXBpb2zX5dvJdYQJzPXImdj0y%7CMCCIDH%7C1895024138%7CMCOPTOUT-1610455622s%7CNONE%7CMCAID%7CNONE%7CMCSYNCSOP%7C411-18640%7CvVersion%7C3.0.0; s_sq=%5B%5BB%5D%5D; cq-authoring-mode=TOUCH; JSESSIONID=node0krw3z6hefl3mgjc08jrqp8w0.node0; cq-assets-files-files=card; cq-editor-layer.page=Edit; wcmmode=edit; login-token=bf74ebda-5674-4a65-961a-824a9193ec8a%3a7da327d5-8d0b-44c8-a76d-45b73544a210_84e5b931f5836fbafccce078b09bf630%3acrx.default
[25/Feb/2021:17:38:05] HTTP 
Traceback (most recent call last):
  File "/Users/vitaliyuvarov/Library/Python/3.7/lib/python/site-packages/munch/__init__.py", line 103, in __getattr__
    return object.__getattribute__(self, k)
AttributeError: 'Munch' object has no attribute 'fans'

During handling of the above exception, another exception occurred:

Traceback (most recent call last):
  File "/Users/vitaliyuvarov/Library/Python/3.7/lib/python/site-packages/munch/__init__.py", line 106, in __getattr__
    return self[k]
KeyError: 'fans'

During handling of the above exception, another exception occurred:

Traceback (most recent call last):
  File "/Users/vitaliyuvarov/Library/Python/3.7/lib/python/site-packages/cherrypy/_cprequest.py", line 638, in respond
    self._do_respond(path_info)
  File "/Users/vitaliyuvarov/Library/Python/3.7/lib/python/site-packages/cherrypy/_cprequest.py", line 697, in _do_respond
    response.body = self.handler()
  File "/Users/vitaliyuvarov/Library/Python/3.7/lib/python/site-packages/cherrypy/lib/encoding.py", line 219, in __call__
    self.body = self.oldhandler(*args, **kwargs)
  File "/Users/vitaliyuvarov/Library/Python/3.7/lib/python/site-packages/cherrypy/_cpdispatch.py", line 54, in __call__
    return self.callable(*self.args, **self.kwargs)
  File "/Users/vitaliyuvarov/Documents/Greenhouse-control/controlers/main.py", line 52, in index
    print(peripherals.fans)
  File "/Users/vitaliyuvarov/Library/Python/3.7/lib/python/site-packages/munch/__init__.py", line 108, in __getattr__
    raise AttributeError(k)
AttributeError: fans
[25/Feb/2021:17:38:05] HTTP 
Request Headers:
  Remote-Addr: 127.0.0.1
  HOST: localhost:8080
  CONNECTION: keep-alive
  CACHE-CONTROL: max-age=0
  UPGRADE-INSECURE-REQUESTS: 1
  USER-AGENT: Mozilla/5.0 (Macintosh; Intel Mac OS X 11_1_0) AppleWebKit/537.36 (KHTML, like Gecko) Chrome/88.0.4324.182 Safari/537.36
  ACCEPT: text/html,application/xhtml+xml,application/xml;q=0.9,image/avif,image/webp,image/apng,*/*;q=0.8,application/signed-exchange;v=b3;q=0.9
  SEC-FETCH-SITE: same-origin
  SEC-FETCH-MODE: navigate
  SEC-FETCH-USER: ?1
  SEC-FETCH-DEST: document
  REFERER: http://localhost:8080/statistic
  ACCEPT-ENCODING: gzip, deflate, br
  ACCEPT-LANGUAGE: en-US,en;q=0.9,ru;q=0.8,uk;q=0.7
  COOKIE: SL_G_WPT_TO=ru; SL_GWPT_Show_Hide_tmp=undefined; SL_wptGlobTipTmp=undefined; shell.omnisearch.results.layoutId=card; AMCVS_8F99160E571FC0427F000101%40AdobeOrg=1; lang=en%3Aus; s_cc=true; _ga=GA1.1.36434575.1609859714; AMCV_8F99160E571FC0427F000101%40AdobeOrg=1687686476%7CMCIDTS%7C18639%7CMCMID%7C63295450452477475253923759076470392172%7CMCAAMLH-1611053506%7C6%7CMCAAMB-1611053506%7C6G1ynYcLPuiQxYZrsz_pkqfLG9yMXBpb2zX5dvJdYQJzPXImdj0y%7CMCCIDH%7C1895024138%7CMCOPTOUT-1610455622s%7CNONE%7CMCAID%7CNONE%7CMCSYNCSOP%7C411-18640%7CvVersion%7C3.0.0; s_sq=%5B%5BB%5D%5D; cq-authoring-mode=TOUCH; JSESSIONID=node0krw3z6hefl3mgjc08jrqp8w0.node0; cq-assets-files-files=card; cq-editor-layer.page=Edit; wcmmode=edit; login-token=bf74ebda-5674-4a65-961a-824a9193ec8a%3a7da327d5-8d0b-44c8-a76d-45b73544a210_84e5b931f5836fbafccce078b09bf630%3acrx.default
[25/Feb/2021:17:40:54] ENGINE Restarting because /Users/vitaliyuvarov/Documents/Greenhouse-control/controlers/main.py changed.
[25/Feb/2021:17:40:54] ENGINE Stopped thread 'Autoreloader'.
[25/Feb/2021:17:40:54] ENGINE Bus STOPPING
[25/Feb/2021:17:40:54] ENGINE HTTP Server cherrypy._cpwsgi_server.CPWSGIServer(('0.0.0.0', 8080)) shut down
[25/Feb/2021:17:40:54] ENGINE Bus STOPPED
[25/Feb/2021:17:40:54] ENGINE Bus EXITING
[25/Feb/2021:17:40:54] ENGINE Bus EXITED
[25/Feb/2021:17:40:54] ENGINE Waiting for child threads to terminate...
[25/Feb/2021:17:40:54] ENGINE Waiting for thread Thread-49.
[25/Feb/2021:17:40:57] ENGINE Re-spawning /Library/Developer/CommandLineTools/usr/bin/python3 /Users/vitaliyuvarov/Documents/Greenhouse-control/controlers/main.py
[25/Feb/2021:17:40:57] ENGINE Listening for SIGTERM.
[25/Feb/2021:17:40:57] ENGINE Listening for SIGHUP.
[25/Feb/2021:17:40:57] ENGINE Listening for SIGUSR1.
[25/Feb/2021:17:40:57] ENGINE Listening for SIGQUIT.
[25/Feb/2021:17:40:57] ENGINE Listening for SIGINT.
[25/Feb/2021:17:40:58] ENGINE Listening for SIGTERM.
[25/Feb/2021:17:40:58] ENGINE Listening for SIGHUP.
[25/Feb/2021:17:40:58] ENGINE Listening for SIGUSR1.
[25/Feb/2021:17:40:58] ENGINE Bus STARTING
[25/Feb/2021:17:40:58] ENGINE Started monitor thread 'Autoreloader'.
[25/Feb/2021:17:40:58] ENGINE Serving on http://0.0.0.0:8080
[25/Feb/2021:17:40:58] ENGINE Bus STARTED
[25/Feb/2021:17:41:06] HTTP 
Traceback (most recent call last):
  File "/Users/vitaliyuvarov/Library/Python/3.7/lib/python/site-packages/munch/__init__.py", line 103, in __getattr__
    return object.__getattribute__(self, k)
AttributeError: 'Munch' object has no attribute 'fans'

During handling of the above exception, another exception occurred:

Traceback (most recent call last):
  File "/Users/vitaliyuvarov/Library/Python/3.7/lib/python/site-packages/munch/__init__.py", line 106, in __getattr__
    return self[k]
KeyError: 'fans'

During handling of the above exception, another exception occurred:

Traceback (most recent call last):
  File "/Users/vitaliyuvarov/Library/Python/3.7/lib/python/site-packages/cherrypy/_cprequest.py", line 638, in respond
    self._do_respond(path_info)
  File "/Users/vitaliyuvarov/Library/Python/3.7/lib/python/site-packages/cherrypy/_cprequest.py", line 697, in _do_respond
    response.body = self.handler()
  File "/Users/vitaliyuvarov/Library/Python/3.7/lib/python/site-packages/cherrypy/lib/encoding.py", line 219, in __call__
    self.body = self.oldhandler(*args, **kwargs)
  File "/Users/vitaliyuvarov/Library/Python/3.7/lib/python/site-packages/cherrypy/_cpdispatch.py", line 54, in __call__
    return self.callable(*self.args, **self.kwargs)
  File "/Users/vitaliyuvarov/Documents/Greenhouse-control/controlers/main.py", line 52, in index
    peripherals.fans = "ON" if peripherals.fans else "OFF"
  File "/Users/vitaliyuvarov/Library/Python/3.7/lib/python/site-packages/munch/__init__.py", line 108, in __getattr__
    raise AttributeError(k)
AttributeError: fans
[25/Feb/2021:17:41:06] HTTP 
Request Headers:
  Remote-Addr: 127.0.0.1
  HOST: localhost:8080
  CONNECTION: keep-alive
  CACHE-CONTROL: max-age=0
  UPGRADE-INSECURE-REQUESTS: 1
  USER-AGENT: Mozilla/5.0 (Macintosh; Intel Mac OS X 11_1_0) AppleWebKit/537.36 (KHTML, like Gecko) Chrome/88.0.4324.182 Safari/537.36
  ACCEPT: text/html,application/xhtml+xml,application/xml;q=0.9,image/avif,image/webp,image/apng,*/*;q=0.8,application/signed-exchange;v=b3;q=0.9
  SEC-FETCH-SITE: same-origin
  SEC-FETCH-MODE: navigate
  SEC-FETCH-USER: ?1
  SEC-FETCH-DEST: document
  REFERER: http://localhost:8080/statistic
  ACCEPT-ENCODING: gzip, deflate, br
  ACCEPT-LANGUAGE: en-US,en;q=0.9,ru;q=0.8,uk;q=0.7
  COOKIE: SL_G_WPT_TO=ru; SL_GWPT_Show_Hide_tmp=undefined; SL_wptGlobTipTmp=undefined; shell.omnisearch.results.layoutId=card; AMCVS_8F99160E571FC0427F000101%40AdobeOrg=1; lang=en%3Aus; s_cc=true; _ga=GA1.1.36434575.1609859714; AMCV_8F99160E571FC0427F000101%40AdobeOrg=1687686476%7CMCIDTS%7C18639%7CMCMID%7C63295450452477475253923759076470392172%7CMCAAMLH-1611053506%7C6%7CMCAAMB-1611053506%7C6G1ynYcLPuiQxYZrsz_pkqfLG9yMXBpb2zX5dvJdYQJzPXImdj0y%7CMCCIDH%7C1895024138%7CMCOPTOUT-1610455622s%7CNONE%7CMCAID%7CNONE%7CMCSYNCSOP%7C411-18640%7CvVersion%7C3.0.0; s_sq=%5B%5BB%5D%5D; cq-authoring-mode=TOUCH; JSESSIONID=node0krw3z6hefl3mgjc08jrqp8w0.node0; cq-assets-files-files=card; cq-editor-layer.page=Edit; wcmmode=edit; login-token=bf74ebda-5674-4a65-961a-824a9193ec8a%3a7da327d5-8d0b-44c8-a76d-45b73544a210_84e5b931f5836fbafccce078b09bf630%3acrx.default
[25/Feb/2021:17:41:28] ENGINE Restarting because /Users/vitaliyuvarov/Documents/Greenhouse-control/controlers/main.py changed.
[25/Feb/2021:17:41:28] ENGINE Stopped thread 'Autoreloader'.
[25/Feb/2021:17:41:28] ENGINE Bus STOPPING
[25/Feb/2021:17:41:28] ENGINE HTTP Server cherrypy._cpwsgi_server.CPWSGIServer(('0.0.0.0', 8080)) shut down
[25/Feb/2021:17:41:28] ENGINE Bus STOPPED
[25/Feb/2021:17:41:28] ENGINE Bus EXITING
[25/Feb/2021:17:41:28] ENGINE Bus EXITED
[25/Feb/2021:17:41:28] ENGINE Waiting for child threads to terminate...
[25/Feb/2021:17:41:28] ENGINE Waiting for thread Thread-18.
[25/Feb/2021:17:41:28] ENGINE Re-spawning /Library/Developer/CommandLineTools/usr/bin/python3 /Users/vitaliyuvarov/Documents/Greenhouse-control/controlers/main.py
[25/Feb/2021:17:41:29] ENGINE Listening for SIGTERM.
[25/Feb/2021:17:41:29] ENGINE Listening for SIGHUP.
[25/Feb/2021:17:41:29] ENGINE Listening for SIGUSR1.
[25/Feb/2021:17:41:29] ENGINE Listening for SIGQUIT.
[25/Feb/2021:17:41:29] ENGINE Listening for SIGINT.
[25/Feb/2021:17:41:29] ENGINE Listening for SIGTERM.
[25/Feb/2021:17:41:29] ENGINE Listening for SIGHUP.
[25/Feb/2021:17:41:29] ENGINE Listening for SIGUSR1.
[25/Feb/2021:17:41:29] ENGINE Bus STARTING
[25/Feb/2021:17:41:29] ENGINE Started monitor thread 'Autoreloader'.
[25/Feb/2021:17:41:29] ENGINE Serving on http://0.0.0.0:8080
[25/Feb/2021:17:41:29] ENGINE Bus STARTED
[25/Feb/2021:17:41:31] HTTP 
Traceback (most recent call last):
  File "/Users/vitaliyuvarov/Library/Python/3.7/lib/python/site-packages/munch/__init__.py", line 103, in __getattr__
    return object.__getattribute__(self, k)
AttributeError: 'Munch' object has no attribute 'fans'

During handling of the above exception, another exception occurred:

Traceback (most recent call last):
  File "/Users/vitaliyuvarov/Library/Python/3.7/lib/python/site-packages/munch/__init__.py", line 106, in __getattr__
    return self[k]
KeyError: 'fans'

During handling of the above exception, another exception occurred:

Traceback (most recent call last):
  File "/Users/vitaliyuvarov/Library/Python/3.7/lib/python/site-packages/cherrypy/_cprequest.py", line 638, in respond
    self._do_respond(path_info)
  File "/Users/vitaliyuvarov/Library/Python/3.7/lib/python/site-packages/cherrypy/_cprequest.py", line 697, in _do_respond
    response.body = self.handler()
  File "/Users/vitaliyuvarov/Library/Python/3.7/lib/python/site-packages/cherrypy/lib/encoding.py", line 219, in __call__
    self.body = self.oldhandler(*args, **kwargs)
  File "/Users/vitaliyuvarov/Library/Python/3.7/lib/python/site-packages/cherrypy/_cpdispatch.py", line 54, in __call__
    return self.callable(*self.args, **self.kwargs)
  File "/Users/vitaliyuvarov/Documents/Greenhouse-control/controlers/main.py", line 52, in index
    peripherals.fans = "ON" if peripherals.fans else "OFF"
  File "/Users/vitaliyuvarov/Library/Python/3.7/lib/python/site-packages/munch/__init__.py", line 108, in __getattr__
    raise AttributeError(k)
AttributeError: fans
[25/Feb/2021:17:41:31] HTTP 
Request Headers:
  Remote-Addr: 127.0.0.1
  HOST: localhost:8080
  CONNECTION: keep-alive
  CACHE-CONTROL: max-age=0
  UPGRADE-INSECURE-REQUESTS: 1
  USER-AGENT: Mozilla/5.0 (Macintosh; Intel Mac OS X 11_1_0) AppleWebKit/537.36 (KHTML, like Gecko) Chrome/88.0.4324.182 Safari/537.36
  ACCEPT: text/html,application/xhtml+xml,application/xml;q=0.9,image/avif,image/webp,image/apng,*/*;q=0.8,application/signed-exchange;v=b3;q=0.9
  SEC-FETCH-SITE: same-origin
  SEC-FETCH-MODE: navigate
  SEC-FETCH-USER: ?1
  SEC-FETCH-DEST: document
  REFERER: http://localhost:8080/statistic
  ACCEPT-ENCODING: gzip, deflate, br
  ACCEPT-LANGUAGE: en-US,en;q=0.9,ru;q=0.8,uk;q=0.7
  COOKIE: SL_G_WPT_TO=ru; SL_GWPT_Show_Hide_tmp=undefined; SL_wptGlobTipTmp=undefined; shell.omnisearch.results.layoutId=card; AMCVS_8F99160E571FC0427F000101%40AdobeOrg=1; lang=en%3Aus; s_cc=true; _ga=GA1.1.36434575.1609859714; AMCV_8F99160E571FC0427F000101%40AdobeOrg=1687686476%7CMCIDTS%7C18639%7CMCMID%7C63295450452477475253923759076470392172%7CMCAAMLH-1611053506%7C6%7CMCAAMB-1611053506%7C6G1ynYcLPuiQxYZrsz_pkqfLG9yMXBpb2zX5dvJdYQJzPXImdj0y%7CMCCIDH%7C1895024138%7CMCOPTOUT-1610455622s%7CNONE%7CMCAID%7CNONE%7CMCSYNCSOP%7C411-18640%7CvVersion%7C3.0.0; s_sq=%5B%5BB%5D%5D; cq-authoring-mode=TOUCH; JSESSIONID=node0krw3z6hefl3mgjc08jrqp8w0.node0; cq-assets-files-files=card; cq-editor-layer.page=Edit; wcmmode=edit; login-token=bf74ebda-5674-4a65-961a-824a9193ec8a%3a7da327d5-8d0b-44c8-a76d-45b73544a210_84e5b931f5836fbafccce078b09bf630%3acrx.default
[25/Feb/2021:17:41:39] HTTP 
Traceback (most recent call last):
  File "/Users/vitaliyuvarov/Library/Python/3.7/lib/python/site-packages/munch/__init__.py", line 103, in __getattr__
    return object.__getattribute__(self, k)
AttributeError: 'Munch' object has no attribute 'fans'

During handling of the above exception, another exception occurred:

Traceback (most recent call last):
  File "/Users/vitaliyuvarov/Library/Python/3.7/lib/python/site-packages/munch/__init__.py", line 106, in __getattr__
    return self[k]
KeyError: 'fans'

During handling of the above exception, another exception occurred:

Traceback (most recent call last):
  File "/Users/vitaliyuvarov/Library/Python/3.7/lib/python/site-packages/cherrypy/_cprequest.py", line 638, in respond
    self._do_respond(path_info)
  File "/Users/vitaliyuvarov/Library/Python/3.7/lib/python/site-packages/cherrypy/_cprequest.py", line 697, in _do_respond
    response.body = self.handler()
  File "/Users/vitaliyuvarov/Library/Python/3.7/lib/python/site-packages/cherrypy/lib/encoding.py", line 219, in __call__
    self.body = self.oldhandler(*args, **kwargs)
  File "/Users/vitaliyuvarov/Library/Python/3.7/lib/python/site-packages/cherrypy/_cpdispatch.py", line 54, in __call__
    return self.callable(*self.args, **self.kwargs)
  File "/Users/vitaliyuvarov/Documents/Greenhouse-control/controlers/main.py", line 52, in index
    peripherals.fans = "ON" if peripherals.fans else "OFF"
  File "/Users/vitaliyuvarov/Library/Python/3.7/lib/python/site-packages/munch/__init__.py", line 108, in __getattr__
    raise AttributeError(k)
AttributeError: fans
[25/Feb/2021:17:41:39] HTTP 
Request Headers:
  Remote-Addr: 127.0.0.1
  HOST: localhost:8080
  CONNECTION: keep-alive
  CACHE-CONTROL: max-age=0
  UPGRADE-INSECURE-REQUESTS: 1
  USER-AGENT: Mozilla/5.0 (Macintosh; Intel Mac OS X 11_1_0) AppleWebKit/537.36 (KHTML, like Gecko) Chrome/88.0.4324.182 Safari/537.36
  ACCEPT: text/html,application/xhtml+xml,application/xml;q=0.9,image/avif,image/webp,image/apng,*/*;q=0.8,application/signed-exchange;v=b3;q=0.9
  SEC-FETCH-SITE: same-origin
  SEC-FETCH-MODE: navigate
  SEC-FETCH-USER: ?1
  SEC-FETCH-DEST: document
  REFERER: http://localhost:8080/statistic
  ACCEPT-ENCODING: gzip, deflate, br
  ACCEPT-LANGUAGE: en-US,en;q=0.9,ru;q=0.8,uk;q=0.7
  COOKIE: SL_G_WPT_TO=ru; SL_GWPT_Show_Hide_tmp=undefined; SL_wptGlobTipTmp=undefined; shell.omnisearch.results.layoutId=card; AMCVS_8F99160E571FC0427F000101%40AdobeOrg=1; lang=en%3Aus; s_cc=true; _ga=GA1.1.36434575.1609859714; AMCV_8F99160E571FC0427F000101%40AdobeOrg=1687686476%7CMCIDTS%7C18639%7CMCMID%7C63295450452477475253923759076470392172%7CMCAAMLH-1611053506%7C6%7CMCAAMB-1611053506%7C6G1ynYcLPuiQxYZrsz_pkqfLG9yMXBpb2zX5dvJdYQJzPXImdj0y%7CMCCIDH%7C1895024138%7CMCOPTOUT-1610455622s%7CNONE%7CMCAID%7CNONE%7CMCSYNCSOP%7C411-18640%7CvVersion%7C3.0.0; s_sq=%5B%5BB%5D%5D; cq-authoring-mode=TOUCH; JSESSIONID=node0krw3z6hefl3mgjc08jrqp8w0.node0; cq-assets-files-files=card; cq-editor-layer.page=Edit; wcmmode=edit; login-token=bf74ebda-5674-4a65-961a-824a9193ec8a%3a7da327d5-8d0b-44c8-a76d-45b73544a210_84e5b931f5836fbafccce078b09bf630%3acrx.default
[25/Feb/2021:17:46:20] ENGINE Restarting because /Users/vitaliyuvarov/Documents/Greenhouse-control/controlers/main.py changed.
[25/Feb/2021:17:46:20] ENGINE Stopped thread 'Autoreloader'.
[25/Feb/2021:17:46:20] ENGINE Bus STOPPING
[25/Feb/2021:17:46:20] ENGINE HTTP Server cherrypy._cpwsgi_server.CPWSGIServer(('0.0.0.0', 8080)) shut down
[25/Feb/2021:17:46:20] ENGINE Bus STOPPED
[25/Feb/2021:17:46:20] ENGINE Bus EXITING
[25/Feb/2021:17:46:20] ENGINE Bus EXITED
[25/Feb/2021:17:46:20] ENGINE Waiting for child threads to terminate...
[25/Feb/2021:17:46:20] ENGINE Waiting for thread Thread-70.
[25/Feb/2021:17:46:24] ENGINE Re-spawning /Library/Developer/CommandLineTools/usr/bin/python3 /Users/vitaliyuvarov/Documents/Greenhouse-control/controlers/main.py
[25/Feb/2021:17:46:24] ENGINE Listening for SIGTERM.
[25/Feb/2021:17:46:24] ENGINE Listening for SIGHUP.
[25/Feb/2021:17:46:24] ENGINE Listening for SIGUSR1.
[25/Feb/2021:17:46:24] ENGINE Listening for SIGQUIT.
[25/Feb/2021:17:46:24] ENGINE Listening for SIGINT.
[25/Feb/2021:17:46:24] ENGINE Listening for SIGTERM.
[25/Feb/2021:17:46:24] ENGINE Listening for SIGHUP.
[25/Feb/2021:17:46:24] ENGINE Listening for SIGUSR1.
[25/Feb/2021:17:46:24] ENGINE Bus STARTING
[25/Feb/2021:17:46:24] ENGINE Started monitor thread 'Autoreloader'.
[25/Feb/2021:17:46:24] ENGINE Serving on http://0.0.0.0:8080
[25/Feb/2021:17:46:24] ENGINE Bus STARTED
[25/Feb/2021:17:47:11] ENGINE Restarting because /Users/vitaliyuvarov/Documents/Greenhouse-control/controlers/main.py changed.
[25/Feb/2021:17:47:11] ENGINE Stopped thread 'Autoreloader'.
[25/Feb/2021:17:47:11] ENGINE Bus STOPPING
[25/Feb/2021:17:47:11] ENGINE HTTP Server cherrypy._cpwsgi_server.CPWSGIServer(('0.0.0.0', 8080)) shut down
[25/Feb/2021:17:47:11] ENGINE Bus STOPPED
[25/Feb/2021:17:47:11] ENGINE Bus EXITING
[25/Feb/2021:17:47:11] ENGINE Bus EXITED
[25/Feb/2021:17:47:11] ENGINE Waiting for child threads to terminate...
[25/Feb/2021:17:47:11] ENGINE Waiting for thread Thread-22.
[25/Feb/2021:17:47:15] ENGINE Re-spawning /Library/Developer/CommandLineTools/usr/bin/python3 /Users/vitaliyuvarov/Documents/Greenhouse-control/controlers/main.py
[25/Feb/2021:17:47:16] ENGINE Listening for SIGTERM.
[25/Feb/2021:17:47:16] ENGINE Listening for SIGHUP.
[25/Feb/2021:17:47:16] ENGINE Listening for SIGUSR1.
[25/Feb/2021:17:47:16] ENGINE Listening for SIGQUIT.
[25/Feb/2021:17:47:16] ENGINE Listening for SIGINT.
[25/Feb/2021:17:47:16] ENGINE Listening for SIGTERM.
[25/Feb/2021:17:47:16] ENGINE Listening for SIGHUP.
[25/Feb/2021:17:47:16] ENGINE Listening for SIGUSR1.
[25/Feb/2021:17:47:16] ENGINE Bus STARTING
[25/Feb/2021:17:47:16] ENGINE Started monitor thread 'Autoreloader'.
[25/Feb/2021:17:47:16] ENGINE Serving on http://0.0.0.0:8080
[25/Feb/2021:17:47:16] ENGINE Bus STARTED
[25/Feb/2021:17:50:08] HTTP 
Traceback (most recent call last):
  File "/Users/vitaliyuvarov/Library/Python/3.7/lib/python/site-packages/munch/__init__.py", line 103, in __getattr__
    return object.__getattribute__(self, k)
AttributeError: 'Munch' object has no attribute 'fans'

During handling of the above exception, another exception occurred:

Traceback (most recent call last):
  File "/Users/vitaliyuvarov/Library/Python/3.7/lib/python/site-packages/munch/__init__.py", line 106, in __getattr__
    return self[k]
KeyError: 'fans'

During handling of the above exception, another exception occurred:

Traceback (most recent call last):
  File "/Users/vitaliyuvarov/Library/Python/3.7/lib/python/site-packages/cherrypy/_cprequest.py", line 638, in respond
    self._do_respond(path_info)
  File "/Users/vitaliyuvarov/Library/Python/3.7/lib/python/site-packages/cherrypy/_cprequest.py", line 697, in _do_respond
    response.body = self.handler()
  File "/Users/vitaliyuvarov/Library/Python/3.7/lib/python/site-packages/cherrypy/lib/encoding.py", line 219, in __call__
    self.body = self.oldhandler(*args, **kwargs)
  File "/Users/vitaliyuvarov/Library/Python/3.7/lib/python/site-packages/cherrypy/_cpdispatch.py", line 54, in __call__
    return self.callable(*self.args, **self.kwargs)
  File "/Users/vitaliyuvarov/Documents/Greenhouse-control/controlers/main.py", line 52, in index
    peripherals.fans = "ON" if peripherals.fans else "OFF"
  File "/Users/vitaliyuvarov/Library/Python/3.7/lib/python/site-packages/munch/__init__.py", line 108, in __getattr__
    raise AttributeError(k)
AttributeError: fans
[25/Feb/2021:17:50:08] HTTP 
Request Headers:
  Remote-Addr: 127.0.0.1
  HOST: localhost:8080
  CONNECTION: keep-alive
  CACHE-CONTROL: max-age=0
  UPGRADE-INSECURE-REQUESTS: 1
  USER-AGENT: Mozilla/5.0 (Macintosh; Intel Mac OS X 11_1_0) AppleWebKit/537.36 (KHTML, like Gecko) Chrome/88.0.4324.182 Safari/537.36
  ACCEPT: text/html,application/xhtml+xml,application/xml;q=0.9,image/avif,image/webp,image/apng,*/*;q=0.8,application/signed-exchange;v=b3;q=0.9
  SEC-FETCH-SITE: same-origin
  SEC-FETCH-MODE: navigate
  SEC-FETCH-USER: ?1
  SEC-FETCH-DEST: document
  REFERER: http://localhost:8080/statistic
  ACCEPT-ENCODING: gzip, deflate, br
  ACCEPT-LANGUAGE: en-US,en;q=0.9,ru;q=0.8,uk;q=0.7
  COOKIE: SL_G_WPT_TO=ru; SL_GWPT_Show_Hide_tmp=undefined; SL_wptGlobTipTmp=undefined; shell.omnisearch.results.layoutId=card; AMCVS_8F99160E571FC0427F000101%40AdobeOrg=1; lang=en%3Aus; s_cc=true; _ga=GA1.1.36434575.1609859714; AMCV_8F99160E571FC0427F000101%40AdobeOrg=1687686476%7CMCIDTS%7C18639%7CMCMID%7C63295450452477475253923759076470392172%7CMCAAMLH-1611053506%7C6%7CMCAAMB-1611053506%7C6G1ynYcLPuiQxYZrsz_pkqfLG9yMXBpb2zX5dvJdYQJzPXImdj0y%7CMCCIDH%7C1895024138%7CMCOPTOUT-1610455622s%7CNONE%7CMCAID%7CNONE%7CMCSYNCSOP%7C411-18640%7CvVersion%7C3.0.0; s_sq=%5B%5BB%5D%5D; cq-authoring-mode=TOUCH; JSESSIONID=node0krw3z6hefl3mgjc08jrqp8w0.node0; cq-assets-files-files=card; cq-editor-layer.page=Edit; wcmmode=edit; login-token=bf74ebda-5674-4a65-961a-824a9193ec8a%3a7da327d5-8d0b-44c8-a76d-45b73544a210_84e5b931f5836fbafccce078b09bf630%3acrx.default
[25/Feb/2021:17:51:26] HTTP 
Traceback (most recent call last):
  File "/Users/vitaliyuvarov/Library/Python/3.7/lib/python/site-packages/munch/__init__.py", line 103, in __getattr__
    return object.__getattribute__(self, k)
AttributeError: 'Munch' object has no attribute 'fans'

During handling of the above exception, another exception occurred:

Traceback (most recent call last):
  File "/Users/vitaliyuvarov/Library/Python/3.7/lib/python/site-packages/munch/__init__.py", line 106, in __getattr__
    return self[k]
KeyError: 'fans'

During handling of the above exception, another exception occurred:

Traceback (most recent call last):
  File "/Users/vitaliyuvarov/Library/Python/3.7/lib/python/site-packages/cherrypy/_cprequest.py", line 638, in respond
    self._do_respond(path_info)
  File "/Users/vitaliyuvarov/Library/Python/3.7/lib/python/site-packages/cherrypy/_cprequest.py", line 697, in _do_respond
    response.body = self.handler()
  File "/Users/vitaliyuvarov/Library/Python/3.7/lib/python/site-packages/cherrypy/lib/encoding.py", line 219, in __call__
    self.body = self.oldhandler(*args, **kwargs)
  File "/Users/vitaliyuvarov/Library/Python/3.7/lib/python/site-packages/cherrypy/_cpdispatch.py", line 54, in __call__
    return self.callable(*self.args, **self.kwargs)
  File "/Users/vitaliyuvarov/Documents/Greenhouse-control/controlers/main.py", line 52, in index
    peripherals.fans = "ON" if peripherals.fans else "OFF"
  File "/Users/vitaliyuvarov/Library/Python/3.7/lib/python/site-packages/munch/__init__.py", line 108, in __getattr__
    raise AttributeError(k)
AttributeError: fans
[25/Feb/2021:17:51:26] HTTP 
Request Headers:
  Remote-Addr: 127.0.0.1
  HOST: localhost:8080
  CONNECTION: keep-alive
  CACHE-CONTROL: max-age=0
  UPGRADE-INSECURE-REQUESTS: 1
  USER-AGENT: Mozilla/5.0 (Macintosh; Intel Mac OS X 11_1_0) AppleWebKit/537.36 (KHTML, like Gecko) Chrome/88.0.4324.182 Safari/537.36
  ACCEPT: text/html,application/xhtml+xml,application/xml;q=0.9,image/avif,image/webp,image/apng,*/*;q=0.8,application/signed-exchange;v=b3;q=0.9
  SEC-FETCH-SITE: same-origin
  SEC-FETCH-MODE: navigate
  SEC-FETCH-USER: ?1
  SEC-FETCH-DEST: document
  REFERER: http://localhost:8080/statistic
  ACCEPT-ENCODING: gzip, deflate, br
  ACCEPT-LANGUAGE: en-US,en;q=0.9,ru;q=0.8,uk;q=0.7
  COOKIE: SL_G_WPT_TO=ru; SL_GWPT_Show_Hide_tmp=undefined; SL_wptGlobTipTmp=undefined; shell.omnisearch.results.layoutId=card; AMCVS_8F99160E571FC0427F000101%40AdobeOrg=1; lang=en%3Aus; s_cc=true; _ga=GA1.1.36434575.1609859714; AMCV_8F99160E571FC0427F000101%40AdobeOrg=1687686476%7CMCIDTS%7C18639%7CMCMID%7C63295450452477475253923759076470392172%7CMCAAMLH-1611053506%7C6%7CMCAAMB-1611053506%7C6G1ynYcLPuiQxYZrsz_pkqfLG9yMXBpb2zX5dvJdYQJzPXImdj0y%7CMCCIDH%7C1895024138%7CMCOPTOUT-1610455622s%7CNONE%7CMCAID%7CNONE%7CMCSYNCSOP%7C411-18640%7CvVersion%7C3.0.0; s_sq=%5B%5BB%5D%5D; cq-authoring-mode=TOUCH; JSESSIONID=node0krw3z6hefl3mgjc08jrqp8w0.node0; cq-assets-files-files=card; cq-editor-layer.page=Edit; wcmmode=edit; login-token=bf74ebda-5674-4a65-961a-824a9193ec8a%3a7da327d5-8d0b-44c8-a76d-45b73544a210_84e5b931f5836fbafccce078b09bf630%3acrx.default
[25/Feb/2021:17:59:46] HTTP 
Traceback (most recent call last):
  File "/Users/vitaliyuvarov/Library/Python/3.7/lib/python/site-packages/munch/__init__.py", line 103, in __getattr__
    return object.__getattribute__(self, k)
AttributeError: 'Munch' object has no attribute 'fans'

During handling of the above exception, another exception occurred:

Traceback (most recent call last):
  File "/Users/vitaliyuvarov/Library/Python/3.7/lib/python/site-packages/munch/__init__.py", line 106, in __getattr__
    return self[k]
KeyError: 'fans'

During handling of the above exception, another exception occurred:

Traceback (most recent call last):
  File "/Users/vitaliyuvarov/Library/Python/3.7/lib/python/site-packages/cherrypy/_cprequest.py", line 638, in respond
    self._do_respond(path_info)
  File "/Users/vitaliyuvarov/Library/Python/3.7/lib/python/site-packages/cherrypy/_cprequest.py", line 697, in _do_respond
    response.body = self.handler()
  File "/Users/vitaliyuvarov/Library/Python/3.7/lib/python/site-packages/cherrypy/lib/encoding.py", line 219, in __call__
    self.body = self.oldhandler(*args, **kwargs)
  File "/Users/vitaliyuvarov/Library/Python/3.7/lib/python/site-packages/cherrypy/_cpdispatch.py", line 54, in __call__
    return self.callable(*self.args, **self.kwargs)
  File "/Users/vitaliyuvarov/Documents/Greenhouse-control/controlers/main.py", line 52, in index
    peripherals.fans = "ON" if peripherals.fans else "OFF"
  File "/Users/vitaliyuvarov/Library/Python/3.7/lib/python/site-packages/munch/__init__.py", line 108, in __getattr__
    raise AttributeError(k)
AttributeError: fans
[25/Feb/2021:17:59:46] HTTP 
Request Headers:
  Remote-Addr: 127.0.0.1
  HOST: localhost:8080
  CONNECTION: keep-alive
  CACHE-CONTROL: max-age=0
  UPGRADE-INSECURE-REQUESTS: 1
  USER-AGENT: Mozilla/5.0 (Macintosh; Intel Mac OS X 11_1_0) AppleWebKit/537.36 (KHTML, like Gecko) Chrome/88.0.4324.182 Safari/537.36
  ACCEPT: text/html,application/xhtml+xml,application/xml;q=0.9,image/avif,image/webp,image/apng,*/*;q=0.8,application/signed-exchange;v=b3;q=0.9
  SEC-FETCH-SITE: same-origin
  SEC-FETCH-MODE: navigate
  SEC-FETCH-USER: ?1
  SEC-FETCH-DEST: document
  REFERER: http://localhost:8080/statistic
  ACCEPT-ENCODING: gzip, deflate, br
  ACCEPT-LANGUAGE: en-US,en;q=0.9,ru;q=0.8,uk;q=0.7
  COOKIE: SL_G_WPT_TO=ru; SL_GWPT_Show_Hide_tmp=undefined; SL_wptGlobTipTmp=undefined; shell.omnisearch.results.layoutId=card; AMCVS_8F99160E571FC0427F000101%40AdobeOrg=1; lang=en%3Aus; s_cc=true; _ga=GA1.1.36434575.1609859714; AMCV_8F99160E571FC0427F000101%40AdobeOrg=1687686476%7CMCIDTS%7C18639%7CMCMID%7C63295450452477475253923759076470392172%7CMCAAMLH-1611053506%7C6%7CMCAAMB-1611053506%7C6G1ynYcLPuiQxYZrsz_pkqfLG9yMXBpb2zX5dvJdYQJzPXImdj0y%7CMCCIDH%7C1895024138%7CMCOPTOUT-1610455622s%7CNONE%7CMCAID%7CNONE%7CMCSYNCSOP%7C411-18640%7CvVersion%7C3.0.0; s_sq=%5B%5BB%5D%5D; cq-authoring-mode=TOUCH; JSESSIONID=node0krw3z6hefl3mgjc08jrqp8w0.node0; cq-assets-files-files=card; cq-editor-layer.page=Edit; wcmmode=edit; login-token=bf74ebda-5674-4a65-961a-824a9193ec8a%3a7da327d5-8d0b-44c8-a76d-45b73544a210_84e5b931f5836fbafccce078b09bf630%3acrx.default
[25/Feb/2021:18:06:01] ENGINE Restarting because /Users/vitaliyuvarov/Documents/Greenhouse-control/controlers/main.py changed.
[25/Feb/2021:18:06:01] ENGINE Stopped thread 'Autoreloader'.
[25/Feb/2021:18:06:01] ENGINE Bus STOPPING
[25/Feb/2021:18:06:01] ENGINE HTTP Server cherrypy._cpwsgi_server.CPWSGIServer(('0.0.0.0', 8080)) shut down
[25/Feb/2021:18:06:01] ENGINE Bus STOPPED
[25/Feb/2021:18:06:01] ENGINE Bus EXITING
[25/Feb/2021:18:06:01] ENGINE Bus EXITED
[25/Feb/2021:18:06:01] ENGINE Waiting for child threads to terminate...
[25/Feb/2021:18:06:01] ENGINE Waiting for thread Thread-232.
[25/Feb/2021:18:06:01] ENGINE Re-spawning /Library/Developer/CommandLineTools/usr/bin/python3 /Users/vitaliyuvarov/Documents/Greenhouse-control/controlers/main.py
[25/Feb/2021:18:06:02] ENGINE Listening for SIGTERM.
[25/Feb/2021:18:06:02] ENGINE Listening for SIGHUP.
[25/Feb/2021:18:06:02] ENGINE Listening for SIGUSR1.
[25/Feb/2021:18:06:02] ENGINE Listening for SIGQUIT.
[25/Feb/2021:18:06:02] ENGINE Listening for SIGINT.
[25/Feb/2021:18:06:02] ENGINE Listening for SIGTERM.
[25/Feb/2021:18:06:02] ENGINE Listening for SIGHUP.
[25/Feb/2021:18:06:02] ENGINE Listening for SIGUSR1.
[25/Feb/2021:18:06:02] ENGINE Bus STARTING
[25/Feb/2021:18:06:02] ENGINE Started monitor thread 'Autoreloader'.
[25/Feb/2021:18:06:02] ENGINE Serving on http://0.0.0.0:8080
[25/Feb/2021:18:06:02] ENGINE Bus STARTED
[25/Feb/2021:18:06:09] ENGINE Restarting because /Users/vitaliyuvarov/Documents/Greenhouse-control/controlers/main.py changed.
[25/Feb/2021:18:06:09] ENGINE Stopped thread 'Autoreloader'.
[25/Feb/2021:18:06:09] ENGINE Bus STOPPING
[25/Feb/2021:18:06:09] ENGINE HTTP Server cherrypy._cpwsgi_server.CPWSGIServer(('0.0.0.0', 8080)) shut down
[25/Feb/2021:18:06:09] ENGINE Bus STOPPED
[25/Feb/2021:18:06:09] ENGINE Bus EXITING
[25/Feb/2021:18:06:09] ENGINE Bus EXITED
[25/Feb/2021:18:06:09] ENGINE Waiting for child threads to terminate...
[25/Feb/2021:18:06:09] ENGINE Waiting for thread Thread-14.
[25/Feb/2021:18:06:12] ENGINE Re-spawning /Library/Developer/CommandLineTools/usr/bin/python3 /Users/vitaliyuvarov/Documents/Greenhouse-control/controlers/main.py
[25/Feb/2021:18:06:13] ENGINE Listening for SIGTERM.
[25/Feb/2021:18:06:13] ENGINE Listening for SIGHUP.
[25/Feb/2021:18:06:13] ENGINE Listening for SIGUSR1.
[25/Feb/2021:18:06:13] ENGINE Listening for SIGQUIT.
[25/Feb/2021:18:06:13] ENGINE Listening for SIGINT.
[25/Feb/2021:18:06:13] ENGINE Listening for SIGTERM.
[25/Feb/2021:18:06:13] ENGINE Listening for SIGHUP.
[25/Feb/2021:18:06:13] ENGINE Listening for SIGUSR1.
[25/Feb/2021:18:06:13] ENGINE Bus STARTING
[25/Feb/2021:18:06:13] ENGINE Started monitor thread 'Autoreloader'.
[25/Feb/2021:18:06:13] ENGINE Serving on http://0.0.0.0:8080
[25/Feb/2021:18:06:13] ENGINE Bus STARTED
[25/Feb/2021:18:06:13] HTTP 
Traceback (most recent call last):
  File "/Users/vitaliyuvarov/Library/Python/3.7/lib/python/site-packages/munch/__init__.py", line 103, in __getattr__
    return object.__getattribute__(self, k)
AttributeError: 'Munch' object has no attribute 'pump'

During handling of the above exception, another exception occurred:

Traceback (most recent call last):
  File "/Users/vitaliyuvarov/Library/Python/3.7/lib/python/site-packages/munch/__init__.py", line 106, in __getattr__
    return self[k]
KeyError: 'pump'

During handling of the above exception, another exception occurred:

Traceback (most recent call last):
  File "/Users/vitaliyuvarov/Library/Python/3.7/lib/python/site-packages/cherrypy/_cprequest.py", line 638, in respond
    self._do_respond(path_info)
  File "/Users/vitaliyuvarov/Library/Python/3.7/lib/python/site-packages/cherrypy/_cprequest.py", line 697, in _do_respond
    response.body = self.handler()
  File "/Users/vitaliyuvarov/Library/Python/3.7/lib/python/site-packages/cherrypy/lib/encoding.py", line 219, in __call__
    self.body = self.oldhandler(*args, **kwargs)
  File "/Users/vitaliyuvarov/Library/Python/3.7/lib/python/site-packages/cherrypy/_cpdispatch.py", line 54, in __call__
    return self.callable(*self.args, **self.kwargs)
  File "/Users/vitaliyuvarov/Documents/Greenhouse-control/controlers/main.py", line 53, in index
    print(peripherals.pump)
  File "/Users/vitaliyuvarov/Library/Python/3.7/lib/python/site-packages/munch/__init__.py", line 108, in __getattr__
    raise AttributeError(k)
AttributeError: pump
[25/Feb/2021:18:06:13] HTTP 
Request Headers:
  Remote-Addr: 127.0.0.1
  HOST: localhost:8080
  CONNECTION: keep-alive
  CACHE-CONTROL: max-age=0
  UPGRADE-INSECURE-REQUESTS: 1
  USER-AGENT: Mozilla/5.0 (Macintosh; Intel Mac OS X 11_1_0) AppleWebKit/537.36 (KHTML, like Gecko) Chrome/88.0.4324.182 Safari/537.36
  ACCEPT: text/html,application/xhtml+xml,application/xml;q=0.9,image/avif,image/webp,image/apng,*/*;q=0.8,application/signed-exchange;v=b3;q=0.9
  SEC-FETCH-SITE: same-origin
  SEC-FETCH-MODE: navigate
  SEC-FETCH-USER: ?1
  SEC-FETCH-DEST: document
  REFERER: http://localhost:8080/statistic
  ACCEPT-ENCODING: gzip, deflate, br
  ACCEPT-LANGUAGE: en-US,en;q=0.9,ru;q=0.8,uk;q=0.7
  COOKIE: SL_G_WPT_TO=ru; SL_GWPT_Show_Hide_tmp=undefined; SL_wptGlobTipTmp=undefined; shell.omnisearch.results.layoutId=card; AMCVS_8F99160E571FC0427F000101%40AdobeOrg=1; lang=en%3Aus; s_cc=true; _ga=GA1.1.36434575.1609859714; AMCV_8F99160E571FC0427F000101%40AdobeOrg=1687686476%7CMCIDTS%7C18639%7CMCMID%7C63295450452477475253923759076470392172%7CMCAAMLH-1611053506%7C6%7CMCAAMB-1611053506%7C6G1ynYcLPuiQxYZrsz_pkqfLG9yMXBpb2zX5dvJdYQJzPXImdj0y%7CMCCIDH%7C1895024138%7CMCOPTOUT-1610455622s%7CNONE%7CMCAID%7CNONE%7CMCSYNCSOP%7C411-18640%7CvVersion%7C3.0.0; s_sq=%5B%5BB%5D%5D; cq-authoring-mode=TOUCH; JSESSIONID=node0krw3z6hefl3mgjc08jrqp8w0.node0; cq-assets-files-files=card; cq-editor-layer.page=Edit; wcmmode=edit; login-token=bf74ebda-5674-4a65-961a-824a9193ec8a%3a7da327d5-8d0b-44c8-a76d-45b73544a210_84e5b931f5836fbafccce078b09bf630%3acrx.default
[25/Feb/2021:18:06:44] ENGINE Restarting because /Users/vitaliyuvarov/Documents/Greenhouse-control/controlers/main.py changed.
[25/Feb/2021:18:06:44] ENGINE Stopped thread 'Autoreloader'.
[25/Feb/2021:18:06:44] ENGINE Bus STOPPING
[25/Feb/2021:18:06:44] ENGINE HTTP Server cherrypy._cpwsgi_server.CPWSGIServer(('0.0.0.0', 8080)) shut down
[25/Feb/2021:18:06:44] ENGINE Bus STOPPED
[25/Feb/2021:18:06:44] ENGINE Bus EXITING
[25/Feb/2021:18:06:44] ENGINE Bus EXITED
[25/Feb/2021:18:06:44] ENGINE Waiting for child threads to terminate...
[25/Feb/2021:18:06:44] ENGINE Waiting for thread Thread-19.
[25/Feb/2021:18:06:49] ENGINE Re-spawning /Library/Developer/CommandLineTools/usr/bin/python3 /Users/vitaliyuvarov/Documents/Greenhouse-control/controlers/main.py
[25/Feb/2021:18:06:49] ENGINE Listening for SIGTERM.
[25/Feb/2021:18:06:49] ENGINE Listening for SIGHUP.
[25/Feb/2021:18:06:49] ENGINE Listening for SIGUSR1.
[25/Feb/2021:18:06:49] ENGINE Listening for SIGQUIT.
[25/Feb/2021:18:06:49] ENGINE Listening for SIGINT.
[25/Feb/2021:18:06:50] ENGINE Listening for SIGTERM.
[25/Feb/2021:18:06:50] ENGINE Listening for SIGHUP.
[25/Feb/2021:18:06:50] ENGINE Listening for SIGUSR1.
[25/Feb/2021:18:06:50] ENGINE Bus STARTING
[25/Feb/2021:18:06:50] ENGINE Started monitor thread 'Autoreloader'.
[25/Feb/2021:18:06:50] ENGINE Serving on http://0.0.0.0:8080
[25/Feb/2021:18:06:50] ENGINE Bus STARTED
[25/Feb/2021:18:08:41] ENGINE Restarting because /Users/vitaliyuvarov/Documents/Greenhouse-control/controlers/main.py changed.
[25/Feb/2021:18:08:41] ENGINE Stopped thread 'Autoreloader'.
[25/Feb/2021:18:08:41] ENGINE Bus STOPPING
[25/Feb/2021:18:08:42] ENGINE HTTP Server cherrypy._cpwsgi_server.CPWSGIServer(('0.0.0.0', 8080)) shut down
[25/Feb/2021:18:08:42] ENGINE Bus STOPPED
[25/Feb/2021:18:08:42] ENGINE Bus EXITING
[25/Feb/2021:18:08:42] ENGINE Bus EXITED
[25/Feb/2021:18:08:42] ENGINE Waiting for child threads to terminate...
[25/Feb/2021:18:08:42] ENGINE Waiting for thread Thread-34.
[25/Feb/2021:18:08:42] ENGINE Re-spawning /Library/Developer/CommandLineTools/usr/bin/python3 /Users/vitaliyuvarov/Documents/Greenhouse-control/controlers/main.py
[25/Feb/2021:18:08:43] ENGINE Listening for SIGTERM.
[25/Feb/2021:18:08:43] ENGINE Listening for SIGHUP.
[25/Feb/2021:18:08:43] ENGINE Listening for SIGUSR1.
[25/Feb/2021:18:08:43] ENGINE Listening for SIGQUIT.
[25/Feb/2021:18:08:43] ENGINE Listening for SIGINT.
[25/Feb/2021:18:08:43] ENGINE Listening for SIGTERM.
[25/Feb/2021:18:08:43] ENGINE Listening for SIGHUP.
[25/Feb/2021:18:08:43] ENGINE Listening for SIGUSR1.
[25/Feb/2021:18:08:43] ENGINE Bus STARTING
[25/Feb/2021:18:08:43] ENGINE Started monitor thread 'Autoreloader'.
[25/Feb/2021:18:08:43] ENGINE Serving on http://0.0.0.0:8080
[25/Feb/2021:18:08:43] ENGINE Bus STARTED
[25/Feb/2021:22:28:01] ENGINE Caught signal SIGINT.
[25/Feb/2021:22:28:01] ENGINE Bus STOPPING
[25/Feb/2021:22:28:01] ENGINE HTTP Server cherrypy._cpwsgi_server.CPWSGIServer(('0.0.0.0', 8080)) shut down
[25/Feb/2021:22:28:01] ENGINE Stopped thread 'Autoreloader'.
[25/Feb/2021:22:28:01] ENGINE Bus STOPPED
[25/Feb/2021:22:28:01] ENGINE Bus EXITING
[25/Feb/2021:22:28:01] ENGINE Bus EXITED
[25/Feb/2021:22:28:01] ENGINE Waiting for child threads to terminate...
[25/Feb/2021:22:28:01] ENGINE Waiting for thread Thread-934.
[26/Feb/2021:08:42:23] ENGINE Listening for SIGTERM.
[26/Feb/2021:08:42:23] ENGINE Listening for SIGHUP.
[26/Feb/2021:08:42:23] ENGINE Listening for SIGUSR1.
[26/Feb/2021:08:42:23] ENGINE Listening for SIGQUIT.
[26/Feb/2021:08:42:23] ENGINE Listening for SIGINT.
[26/Feb/2021:08:42:24] ENGINE Listening for SIGTERM.
[26/Feb/2021:08:42:24] ENGINE Listening for SIGHUP.
[26/Feb/2021:08:42:24] ENGINE Listening for SIGUSR1.
[26/Feb/2021:08:42:24] ENGINE Bus STARTING
[26/Feb/2021:08:42:24] ENGINE Started monitor thread 'Autoreloader'.
[26/Feb/2021:08:42:24] ENGINE Serving on http://0.0.0.0:8080
[26/Feb/2021:08:42:24] ENGINE Bus STARTED
[26/Feb/2021:08:50:49] ENGINE Caught signal SIGINT.
[26/Feb/2021:08:50:49] ENGINE Bus STOPPING
[26/Feb/2021:08:50:49] ENGINE HTTP Server cherrypy._cpwsgi_server.CPWSGIServer(('0.0.0.0', 8080)) shut down
[26/Feb/2021:08:50:49] ENGINE Stopped thread 'Autoreloader'.
[26/Feb/2021:08:50:49] ENGINE Bus STOPPED
[26/Feb/2021:08:50:49] ENGINE Bus EXITING
[26/Feb/2021:08:50:49] ENGINE Bus EXITED
[26/Feb/2021:08:50:49] ENGINE Waiting for child threads to terminate...
[26/Feb/2021:08:50:49] ENGINE Waiting for thread Thread-94.
[26/Feb/2021:22:32:00] ENGINE Listening for SIGTERM.
[26/Feb/2021:22:32:00] ENGINE Listening for SIGHUP.
[26/Feb/2021:22:32:00] ENGINE Listening for SIGUSR1.
[26/Feb/2021:22:32:00] ENGINE Listening for SIGQUIT.
[26/Feb/2021:22:32:00] ENGINE Listening for SIGINT.
[26/Feb/2021:22:32:05] ENGINE Listening for SIGTERM.
[26/Feb/2021:22:32:05] ENGINE Listening for SIGHUP.
[26/Feb/2021:22:32:05] ENGINE Listening for SIGUSR1.
[26/Feb/2021:22:32:05] ENGINE Bus STARTING
[26/Feb/2021:22:32:05] ENGINE Started monitor thread 'Autoreloader'.
[26/Feb/2021:22:32:05] ENGINE Serving on http://0.0.0.0:8080
[26/Feb/2021:22:32:05] ENGINE Bus STARTED
[26/Feb/2021:22:33:01] HTTP 
Traceback (most recent call last):
  File "/Users/vitaliyuvarov/Library/Python/3.7/lib/python/site-packages/munch/__init__.py", line 103, in __getattr__
    return object.__getattribute__(self, k)
AttributeError: 'Munch' object has no attribute 'fans'

During handling of the above exception, another exception occurred:

Traceback (most recent call last):
  File "/Users/vitaliyuvarov/Library/Python/3.7/lib/python/site-packages/munch/__init__.py", line 106, in __getattr__
    return self[k]
KeyError: 'fans'

During handling of the above exception, another exception occurred:

Traceback (most recent call last):
  File "/Users/vitaliyuvarov/Library/Python/3.7/lib/python/site-packages/cherrypy/_cprequest.py", line 638, in respond
    self._do_respond(path_info)
  File "/Users/vitaliyuvarov/Library/Python/3.7/lib/python/site-packages/cherrypy/_cprequest.py", line 697, in _do_respond
    response.body = self.handler()
  File "/Users/vitaliyuvarov/Library/Python/3.7/lib/python/site-packages/cherrypy/lib/encoding.py", line 219, in __call__
    self.body = self.oldhandler(*args, **kwargs)
  File "/Users/vitaliyuvarov/Library/Python/3.7/lib/python/site-packages/cherrypy/_cpdispatch.py", line 54, in __call__
    return self.callable(*self.args, **self.kwargs)
  File "/Users/vitaliyuvarov/Documents/Greenhouse-control/controlers/main.py", line 52, in index
    peripherals.fans = "ON" if peripherals.fans else "OFF"
  File "/Users/vitaliyuvarov/Library/Python/3.7/lib/python/site-packages/munch/__init__.py", line 108, in __getattr__
    raise AttributeError(k)
AttributeError: fans
[26/Feb/2021:22:33:01] HTTP 
Request Headers:
  Remote-Addr: 127.0.0.1
  HOST: localhost:8080
  CONNECTION: keep-alive
  UPGRADE-INSECURE-REQUESTS: 1
  USER-AGENT: Mozilla/5.0 (Macintosh; Intel Mac OS X 11_1_0) AppleWebKit/537.36 (KHTML, like Gecko) Chrome/88.0.4324.192 Safari/537.36
  ACCEPT: text/html,application/xhtml+xml,application/xml;q=0.9,image/avif,image/webp,image/apng,*/*;q=0.8,application/signed-exchange;v=b3;q=0.9
  SEC-FETCH-SITE: none
  SEC-FETCH-MODE: navigate
  SEC-FETCH-USER: ?1
  SEC-FETCH-DEST: document
  ACCEPT-ENCODING: gzip, deflate, br
  ACCEPT-LANGUAGE: en-US,en;q=0.9,ru;q=0.8,uk;q=0.7
  COOKIE: SL_G_WPT_TO=ru; SL_GWPT_Show_Hide_tmp=undefined; SL_wptGlobTipTmp=undefined; shell.omnisearch.results.layoutId=card; AMCVS_8F99160E571FC0427F000101%40AdobeOrg=1; lang=en%3Aus; s_cc=true; _ga=GA1.1.36434575.1609859714; AMCV_8F99160E571FC0427F000101%40AdobeOrg=1687686476%7CMCIDTS%7C18639%7CMCMID%7C63295450452477475253923759076470392172%7CMCAAMLH-1611053506%7C6%7CMCAAMB-1611053506%7C6G1ynYcLPuiQxYZrsz_pkqfLG9yMXBpb2zX5dvJdYQJzPXImdj0y%7CMCCIDH%7C1895024138%7CMCOPTOUT-1610455622s%7CNONE%7CMCAID%7CNONE%7CMCSYNCSOP%7C411-18640%7CvVersion%7C3.0.0; s_sq=%5B%5BB%5D%5D; cq-authoring-mode=TOUCH; JSESSIONID=node0krw3z6hefl3mgjc08jrqp8w0.node0; cq-assets-files-files=card; login-token=bf74ebda-5674-4a65-961a-824a9193ec8a%3a16c52cfa-3fcb-4fa9-bbbd-ebc8ba305388_929fed8c7122afbcc839a54b8e8ccd85%3acrx.default; cq-editor-layer.page=Edit; wcmmode=edit; cq-editor-sidepanel=closed
[26/Feb/2021:22:35:29] ENGINE Restarting because /Users/vitaliyuvarov/Documents/Greenhouse-control/controlers/main.py changed.
[26/Feb/2021:22:35:29] ENGINE Stopped thread 'Autoreloader'.
[26/Feb/2021:22:35:29] ENGINE Bus STOPPING
[26/Feb/2021:22:35:29] ENGINE HTTP Server cherrypy._cpwsgi_server.CPWSGIServer(('0.0.0.0', 8080)) shut down
[26/Feb/2021:22:35:29] ENGINE Bus STOPPED
[26/Feb/2021:22:35:29] ENGINE Bus EXITING
[26/Feb/2021:22:35:29] ENGINE Bus EXITED
[26/Feb/2021:22:35:29] ENGINE Waiting for child threads to terminate...
[26/Feb/2021:22:35:29] ENGINE Waiting for thread Thread-47.
[26/Feb/2021:22:35:36] ENGINE Re-spawning /Library/Developer/CommandLineTools/usr/bin/python3 /Users/vitaliyuvarov/Documents/Greenhouse-control/controlers/main.py
[26/Feb/2021:22:35:37] ENGINE Listening for SIGTERM.
[26/Feb/2021:22:35:37] ENGINE Listening for SIGHUP.
[26/Feb/2021:22:35:37] ENGINE Listening for SIGUSR1.
[26/Feb/2021:22:35:37] ENGINE Listening for SIGQUIT.
[26/Feb/2021:22:35:37] ENGINE Listening for SIGINT.
[26/Feb/2021:22:35:37] ENGINE Listening for SIGTERM.
[26/Feb/2021:22:35:37] ENGINE Listening for SIGHUP.
[26/Feb/2021:22:35:37] ENGINE Listening for SIGUSR1.
[26/Feb/2021:22:35:37] ENGINE Bus STARTING
[26/Feb/2021:22:35:37] ENGINE Started monitor thread 'Autoreloader'.
[26/Feb/2021:22:35:37] ENGINE Serving on http://0.0.0.0:8080
[26/Feb/2021:22:35:37] ENGINE Bus STARTED
[26/Feb/2021:22:35:54] HTTP 
Traceback (most recent call last):
  File "/Users/vitaliyuvarov/Library/Python/3.7/lib/python/site-packages/munch/__init__.py", line 103, in __getattr__
    return object.__getattribute__(self, k)
AttributeError: 'Munch' object has no attribute 'pump'

During handling of the above exception, another exception occurred:

Traceback (most recent call last):
  File "/Users/vitaliyuvarov/Library/Python/3.7/lib/python/site-packages/munch/__init__.py", line 106, in __getattr__
    return self[k]
KeyError: 'pump'

During handling of the above exception, another exception occurred:

Traceback (most recent call last):
  File "/Users/vitaliyuvarov/Library/Python/3.7/lib/python/site-packages/cherrypy/_cprequest.py", line 638, in respond
    self._do_respond(path_info)
  File "/Users/vitaliyuvarov/Library/Python/3.7/lib/python/site-packages/cherrypy/_cprequest.py", line 697, in _do_respond
    response.body = self.handler()
  File "/Users/vitaliyuvarov/Library/Python/3.7/lib/python/site-packages/cherrypy/lib/encoding.py", line 219, in __call__
    self.body = self.oldhandler(*args, **kwargs)
  File "/Users/vitaliyuvarov/Library/Python/3.7/lib/python/site-packages/cherrypy/_cpdispatch.py", line 54, in __call__
    return self.callable(*self.args, **self.kwargs)
  File "/Users/vitaliyuvarov/Documents/Greenhouse-control/controlers/main.py", line 53, in index
    peripherals.pump = "ON" if peripherals.pump else "OFF"
  File "/Users/vitaliyuvarov/Library/Python/3.7/lib/python/site-packages/munch/__init__.py", line 108, in __getattr__
    raise AttributeError(k)
AttributeError: pump
[26/Feb/2021:22:35:54] HTTP 
Request Headers:
  Remote-Addr: 127.0.0.1
  HOST: localhost:8080
  CONNECTION: keep-alive
  CACHE-CONTROL: max-age=0
  UPGRADE-INSECURE-REQUESTS: 1
  USER-AGENT: Mozilla/5.0 (Macintosh; Intel Mac OS X 11_1_0) AppleWebKit/537.36 (KHTML, like Gecko) Chrome/88.0.4324.192 Safari/537.36
  ACCEPT: text/html,application/xhtml+xml,application/xml;q=0.9,image/avif,image/webp,image/apng,*/*;q=0.8,application/signed-exchange;v=b3;q=0.9
  SEC-FETCH-SITE: none
  SEC-FETCH-MODE: navigate
  SEC-FETCH-USER: ?1
  SEC-FETCH-DEST: document
  ACCEPT-ENCODING: gzip, deflate, br
  ACCEPT-LANGUAGE: en-US,en;q=0.9,ru;q=0.8,uk;q=0.7
  COOKIE: SL_G_WPT_TO=ru; SL_GWPT_Show_Hide_tmp=undefined; SL_wptGlobTipTmp=undefined; shell.omnisearch.results.layoutId=card; AMCVS_8F99160E571FC0427F000101%40AdobeOrg=1; lang=en%3Aus; s_cc=true; _ga=GA1.1.36434575.1609859714; AMCV_8F99160E571FC0427F000101%40AdobeOrg=1687686476%7CMCIDTS%7C18639%7CMCMID%7C63295450452477475253923759076470392172%7CMCAAMLH-1611053506%7C6%7CMCAAMB-1611053506%7C6G1ynYcLPuiQxYZrsz_pkqfLG9yMXBpb2zX5dvJdYQJzPXImdj0y%7CMCCIDH%7C1895024138%7CMCOPTOUT-1610455622s%7CNONE%7CMCAID%7CNONE%7CMCSYNCSOP%7C411-18640%7CvVersion%7C3.0.0; s_sq=%5B%5BB%5D%5D; cq-authoring-mode=TOUCH; JSESSIONID=node0krw3z6hefl3mgjc08jrqp8w0.node0; cq-assets-files-files=card; login-token=bf74ebda-5674-4a65-961a-824a9193ec8a%3a16c52cfa-3fcb-4fa9-bbbd-ebc8ba305388_929fed8c7122afbcc839a54b8e8ccd85%3acrx.default; cq-editor-layer.page=Edit; wcmmode=edit; cq-editor-sidepanel=closed
[26/Feb/2021:22:36:00] ENGINE Restarting because /Users/vitaliyuvarov/Documents/Greenhouse-control/controlers/main.py changed.
[26/Feb/2021:22:36:00] ENGINE Stopped thread 'Autoreloader'.
[26/Feb/2021:22:36:00] ENGINE Bus STOPPING
[26/Feb/2021:22:36:00] ENGINE HTTP Server cherrypy._cpwsgi_server.CPWSGIServer(('0.0.0.0', 8080)) shut down
[26/Feb/2021:22:36:00] ENGINE Bus STOPPED
[26/Feb/2021:22:36:00] ENGINE Bus EXITING
[26/Feb/2021:22:36:00] ENGINE Bus EXITED
[26/Feb/2021:22:36:00] ENGINE Waiting for child threads to terminate...
[26/Feb/2021:22:36:00] ENGINE Waiting for thread Thread-16.
[26/Feb/2021:22:36:02] ENGINE Re-spawning /Library/Developer/CommandLineTools/usr/bin/python3 /Users/vitaliyuvarov/Documents/Greenhouse-control/controlers/main.py
[26/Feb/2021:22:36:03] ENGINE Listening for SIGTERM.
[26/Feb/2021:22:36:03] ENGINE Listening for SIGHUP.
[26/Feb/2021:22:36:03] ENGINE Listening for SIGUSR1.
[26/Feb/2021:22:36:03] ENGINE Listening for SIGQUIT.
[26/Feb/2021:22:36:03] ENGINE Listening for SIGINT.
[26/Feb/2021:22:36:03] ENGINE Listening for SIGTERM.
[26/Feb/2021:22:36:03] ENGINE Listening for SIGHUP.
[26/Feb/2021:22:36:03] ENGINE Listening for SIGUSR1.
[26/Feb/2021:22:36:03] ENGINE Bus STARTING
[26/Feb/2021:22:36:03] ENGINE Started monitor thread 'Autoreloader'.
[26/Feb/2021:22:36:03] ENGINE Serving on http://0.0.0.0:8080
[26/Feb/2021:22:36:03] ENGINE Bus STARTED
[26/Feb/2021:22:37:32] ENGINE Restarting because /Users/vitaliyuvarov/Documents/Greenhouse-control/controlers/main.py changed.
[26/Feb/2021:22:37:32] ENGINE Stopped thread 'Autoreloader'.
[26/Feb/2021:22:37:32] ENGINE Bus STOPPING
[26/Feb/2021:22:37:32] ENGINE HTTP Server cherrypy._cpwsgi_server.CPWSGIServer(('0.0.0.0', 8080)) shut down
[26/Feb/2021:22:37:32] ENGINE Bus STOPPED
[26/Feb/2021:22:37:32] ENGINE Bus EXITING
[26/Feb/2021:22:37:32] ENGINE Bus EXITED
[26/Feb/2021:22:37:33] ENGINE Waiting for child threads to terminate...
[26/Feb/2021:22:37:33] ENGINE Waiting for thread Thread-27.
[26/Feb/2021:22:37:33] ENGINE Re-spawning /Library/Developer/CommandLineTools/usr/bin/python3 /Users/vitaliyuvarov/Documents/Greenhouse-control/controlers/main.py
[26/Feb/2021:22:37:34] ENGINE Listening for SIGTERM.
[26/Feb/2021:22:37:34] ENGINE Listening for SIGHUP.
[26/Feb/2021:22:37:34] ENGINE Listening for SIGUSR1.
[26/Feb/2021:22:37:34] ENGINE Listening for SIGQUIT.
[26/Feb/2021:22:37:34] ENGINE Listening for SIGINT.
[26/Feb/2021:22:37:34] ENGINE Listening for SIGTERM.
[26/Feb/2021:22:37:34] ENGINE Listening for SIGHUP.
[26/Feb/2021:22:37:34] ENGINE Listening for SIGUSR1.
[26/Feb/2021:22:37:34] ENGINE Bus STARTING
[26/Feb/2021:22:37:34] ENGINE Started monitor thread 'Autoreloader'.
[26/Feb/2021:22:37:34] ENGINE Serving on http://0.0.0.0:8080
[26/Feb/2021:22:37:34] ENGINE Bus STARTED
[26/Feb/2021:22:38:11] ENGINE Restarting because /Users/vitaliyuvarov/Documents/Greenhouse-control/controlers/main.py changed.
[26/Feb/2021:22:38:11] ENGINE Stopped thread 'Autoreloader'.
[26/Feb/2021:22:38:11] ENGINE Bus STOPPING
[26/Feb/2021:22:38:11] ENGINE HTTP Server cherrypy._cpwsgi_server.CPWSGIServer(('0.0.0.0', 8080)) shut down
[26/Feb/2021:22:38:11] ENGINE Bus STOPPED
[26/Feb/2021:22:38:11] ENGINE Bus EXITING
[26/Feb/2021:22:38:11] ENGINE Bus EXITED
[26/Feb/2021:22:38:11] ENGINE Waiting for child threads to terminate...
[26/Feb/2021:22:38:11] ENGINE Waiting for thread Thread-19.
[26/Feb/2021:22:38:14] ENGINE Re-spawning /Library/Developer/CommandLineTools/usr/bin/python3 /Users/vitaliyuvarov/Documents/Greenhouse-control/controlers/main.py
[26/Feb/2021:22:38:15] ENGINE Listening for SIGTERM.
[26/Feb/2021:22:38:15] ENGINE Listening for SIGHUP.
[26/Feb/2021:22:38:15] ENGINE Listening for SIGUSR1.
[26/Feb/2021:22:38:15] ENGINE Listening for SIGQUIT.
[26/Feb/2021:22:38:15] ENGINE Listening for SIGINT.
[26/Feb/2021:22:38:15] ENGINE Listening for SIGTERM.
[26/Feb/2021:22:38:15] ENGINE Listening for SIGHUP.
[26/Feb/2021:22:38:15] ENGINE Listening for SIGUSR1.
[26/Feb/2021:22:38:15] ENGINE Bus STARTING
[26/Feb/2021:22:38:15] ENGINE Started monitor thread 'Autoreloader'.
[26/Feb/2021:22:38:15] ENGINE Serving on http://0.0.0.0:8080
[26/Feb/2021:22:38:15] ENGINE Bus STARTED
[26/Feb/2021:22:39:00] ENGINE Restarting because /Users/vitaliyuvarov/Documents/Greenhouse-control/controlers/dbworker.py changed.
[26/Feb/2021:22:39:00] ENGINE Stopped thread 'Autoreloader'.
[26/Feb/2021:22:39:00] ENGINE Bus STOPPING
[26/Feb/2021:22:39:00] ENGINE HTTP Server cherrypy._cpwsgi_server.CPWSGIServer(('0.0.0.0', 8080)) shut down
[26/Feb/2021:22:39:00] ENGINE Bus STOPPED
[26/Feb/2021:22:39:00] ENGINE Bus EXITING
[26/Feb/2021:22:39:00] ENGINE Bus EXITED
[26/Feb/2021:22:39:00] ENGINE Waiting for child threads to terminate...
[26/Feb/2021:22:39:00] ENGINE Waiting for thread Thread-20.
[26/Feb/2021:22:39:05] ENGINE Re-spawning /Library/Developer/CommandLineTools/usr/bin/python3 /Users/vitaliyuvarov/Documents/Greenhouse-control/controlers/main.py
[26/Feb/2021:22:39:06] ENGINE Listening for SIGTERM.
[26/Feb/2021:22:39:06] ENGINE Listening for SIGHUP.
[26/Feb/2021:22:39:06] ENGINE Listening for SIGUSR1.
[26/Feb/2021:22:39:06] ENGINE Listening for SIGQUIT.
[26/Feb/2021:22:39:06] ENGINE Listening for SIGINT.
[26/Feb/2021:22:39:06] ENGINE Listening for SIGTERM.
[26/Feb/2021:22:39:06] ENGINE Listening for SIGHUP.
[26/Feb/2021:22:39:06] ENGINE Listening for SIGUSR1.
[26/Feb/2021:22:39:06] ENGINE Bus STARTING
[26/Feb/2021:22:39:06] ENGINE Started monitor thread 'Autoreloader'.
[26/Feb/2021:22:39:06] ENGINE Serving on http://0.0.0.0:8080
[26/Feb/2021:22:39:06] ENGINE Bus STARTED
[26/Feb/2021:22:39:14] ENGINE Restarting because /Users/vitaliyuvarov/Documents/Greenhouse-control/controlers/main.py changed.
[26/Feb/2021:22:39:14] ENGINE Stopped thread 'Autoreloader'.
[26/Feb/2021:22:39:14] ENGINE Bus STOPPING
[26/Feb/2021:22:39:14] ENGINE HTTP Server cherrypy._cpwsgi_server.CPWSGIServer(('0.0.0.0', 8080)) shut down
[26/Feb/2021:22:39:14] ENGINE Bus STOPPED
[26/Feb/2021:22:39:14] ENGINE Bus EXITING
[26/Feb/2021:22:39:14] ENGINE Bus EXITED
[26/Feb/2021:22:39:14] ENGINE Waiting for child threads to terminate...
[26/Feb/2021:22:39:14] ENGINE Waiting for thread Thread-14.
[26/Feb/2021:22:39:16] ENGINE Re-spawning /Library/Developer/CommandLineTools/usr/bin/python3 /Users/vitaliyuvarov/Documents/Greenhouse-control/controlers/main.py
[26/Feb/2021:22:39:16] ENGINE Listening for SIGTERM.
[26/Feb/2021:22:39:16] ENGINE Listening for SIGHUP.
[26/Feb/2021:22:39:16] ENGINE Listening for SIGUSR1.
[26/Feb/2021:22:39:16] ENGINE Listening for SIGQUIT.
[26/Feb/2021:22:39:16] ENGINE Listening for SIGINT.
[26/Feb/2021:22:39:16] ENGINE Listening for SIGTERM.
[26/Feb/2021:22:39:16] ENGINE Listening for SIGHUP.
[26/Feb/2021:22:39:16] ENGINE Listening for SIGUSR1.
[26/Feb/2021:22:39:16] ENGINE Bus STARTING
[26/Feb/2021:22:39:16] ENGINE Started monitor thread 'Autoreloader'.
[26/Feb/2021:22:39:17] ENGINE Serving on http://0.0.0.0:8080
[26/Feb/2021:22:39:17] ENGINE Bus STARTED
[26/Feb/2021:22:39:49] ENGINE Restarting because /Users/vitaliyuvarov/Documents/Greenhouse-control/controlers/main.py changed.
[26/Feb/2021:22:39:49] ENGINE Stopped thread 'Autoreloader'.
[26/Feb/2021:22:39:49] ENGINE Bus STOPPING
[26/Feb/2021:22:39:49] ENGINE HTTP Server cherrypy._cpwsgi_server.CPWSGIServer(('0.0.0.0', 8080)) shut down
[26/Feb/2021:22:39:49] ENGINE Bus STOPPED
[26/Feb/2021:22:39:49] ENGINE Bus EXITING
[26/Feb/2021:22:39:49] ENGINE Bus EXITED
[26/Feb/2021:22:39:49] ENGINE Waiting for child threads to terminate...
[26/Feb/2021:22:39:49] ENGINE Waiting for thread Thread-18.
[26/Feb/2021:22:39:52] ENGINE Re-spawning /Library/Developer/CommandLineTools/usr/bin/python3 /Users/vitaliyuvarov/Documents/Greenhouse-control/controlers/main.py
[26/Feb/2021:22:39:52] ENGINE Listening for SIGTERM.
[26/Feb/2021:22:39:52] ENGINE Listening for SIGHUP.
[26/Feb/2021:22:39:52] ENGINE Listening for SIGUSR1.
[26/Feb/2021:22:39:52] ENGINE Listening for SIGQUIT.
[26/Feb/2021:22:39:52] ENGINE Listening for SIGINT.
[26/Feb/2021:22:39:52] ENGINE Listening for SIGTERM.
[26/Feb/2021:22:39:52] ENGINE Listening for SIGHUP.
[26/Feb/2021:22:39:52] ENGINE Listening for SIGUSR1.
[26/Feb/2021:22:39:52] ENGINE Bus STARTING
[26/Feb/2021:22:39:52] ENGINE Started monitor thread 'Autoreloader'.
[26/Feb/2021:22:39:53] ENGINE Serving on http://0.0.0.0:8080
[26/Feb/2021:22:39:53] ENGINE Bus STARTED
[26/Feb/2021:22:39:59] ENGINE Restarting because /Users/vitaliyuvarov/Documents/Greenhouse-control/controlers/main.py changed.
[26/Feb/2021:22:39:59] ENGINE Stopped thread 'Autoreloader'.
[26/Feb/2021:22:39:59] ENGINE Bus STOPPING
[26/Feb/2021:22:39:59] ENGINE HTTP Server cherrypy._cpwsgi_server.CPWSGIServer(('0.0.0.0', 8080)) shut down
[26/Feb/2021:22:39:59] ENGINE Bus STOPPED
[26/Feb/2021:22:39:59] ENGINE Bus EXITING
[26/Feb/2021:22:39:59] ENGINE Bus EXITED
[26/Feb/2021:22:39:59] ENGINE Waiting for child threads to terminate...
[26/Feb/2021:22:39:59] ENGINE Waiting for thread Thread-1.
[26/Feb/2021:22:40:02] ENGINE Re-spawning /Library/Developer/CommandLineTools/usr/bin/python3 /Users/vitaliyuvarov/Documents/Greenhouse-control/controlers/main.py
[26/Feb/2021:22:40:03] ENGINE Listening for SIGTERM.
[26/Feb/2021:22:40:03] ENGINE Listening for SIGHUP.
[26/Feb/2021:22:40:03] ENGINE Listening for SIGUSR1.
[26/Feb/2021:22:40:03] ENGINE Listening for SIGQUIT.
[26/Feb/2021:22:40:03] ENGINE Listening for SIGINT.
[26/Feb/2021:22:40:03] ENGINE Listening for SIGTERM.
[26/Feb/2021:22:40:03] ENGINE Listening for SIGHUP.
[26/Feb/2021:22:40:03] ENGINE Listening for SIGUSR1.
[26/Feb/2021:22:40:03] ENGINE Bus STARTING
[26/Feb/2021:22:40:03] ENGINE Started monitor thread 'Autoreloader'.
[26/Feb/2021:22:40:03] ENGINE Serving on http://0.0.0.0:8080
[26/Feb/2021:22:40:03] ENGINE Bus STARTED
[26/Feb/2021:22:40:31] ENGINE Restarting because /Users/vitaliyuvarov/Documents/Greenhouse-control/controlers/main.py changed.
[26/Feb/2021:22:40:31] ENGINE Stopped thread 'Autoreloader'.
[26/Feb/2021:22:40:31] ENGINE Bus STOPPING
[26/Feb/2021:22:40:31] ENGINE HTTP Server cherrypy._cpwsgi_server.CPWSGIServer(('0.0.0.0', 8080)) shut down
[26/Feb/2021:22:40:31] ENGINE Bus STOPPED
[26/Feb/2021:22:40:31] ENGINE Bus EXITING
[26/Feb/2021:22:40:31] ENGINE Bus EXITED
[26/Feb/2021:22:40:31] ENGINE Waiting for child threads to terminate...
[26/Feb/2021:22:40:31] ENGINE Waiting for thread Thread-17.
[26/Feb/2021:22:40:33] ENGINE Re-spawning /Library/Developer/CommandLineTools/usr/bin/python3 /Users/vitaliyuvarov/Documents/Greenhouse-control/controlers/main.py
[26/Feb/2021:22:40:34] ENGINE Listening for SIGTERM.
[26/Feb/2021:22:40:34] ENGINE Listening for SIGHUP.
[26/Feb/2021:22:40:34] ENGINE Listening for SIGUSR1.
[26/Feb/2021:22:40:34] ENGINE Listening for SIGQUIT.
[26/Feb/2021:22:40:34] ENGINE Listening for SIGINT.
[26/Feb/2021:22:40:34] ENGINE Listening for SIGTERM.
[26/Feb/2021:22:40:34] ENGINE Listening for SIGHUP.
[26/Feb/2021:22:40:34] ENGINE Listening for SIGUSR1.
[26/Feb/2021:22:40:34] ENGINE Bus STARTING
[26/Feb/2021:22:40:34] ENGINE Started monitor thread 'Autoreloader'.
[26/Feb/2021:22:40:34] ENGINE Serving on http://0.0.0.0:8080
[26/Feb/2021:22:40:34] ENGINE Bus STARTED
[26/Feb/2021:22:41:53] ENGINE Restarting because /Users/vitaliyuvarov/Documents/Greenhouse-control/controlers/main.py changed.
[26/Feb/2021:22:41:53] ENGINE Stopped thread 'Autoreloader'.
[26/Feb/2021:22:41:53] ENGINE Bus STOPPING
[26/Feb/2021:22:41:53] ENGINE HTTP Server cherrypy._cpwsgi_server.CPWSGIServer(('0.0.0.0', 8080)) shut down
[26/Feb/2021:22:41:53] ENGINE Bus STOPPED
[26/Feb/2021:22:41:53] ENGINE Bus EXITING
[26/Feb/2021:22:41:53] ENGINE Bus EXITED
[26/Feb/2021:22:41:53] ENGINE Waiting for child threads to terminate...
[26/Feb/2021:22:41:53] ENGINE Waiting for thread Thread-26.
[26/Feb/2021:22:41:59] ENGINE Re-spawning /Library/Developer/CommandLineTools/usr/bin/python3 /Users/vitaliyuvarov/Documents/Greenhouse-control/controlers/main.py
[26/Feb/2021:22:42:00] ENGINE Listening for SIGTERM.
[26/Feb/2021:22:42:00] ENGINE Listening for SIGHUP.
[26/Feb/2021:22:42:00] ENGINE Listening for SIGUSR1.
[26/Feb/2021:22:42:00] ENGINE Listening for SIGQUIT.
[26/Feb/2021:22:42:00] ENGINE Listening for SIGINT.
[26/Feb/2021:22:42:00] ENGINE Listening for SIGTERM.
[26/Feb/2021:22:42:00] ENGINE Listening for SIGHUP.
[26/Feb/2021:22:42:00] ENGINE Listening for SIGUSR1.
[26/Feb/2021:22:42:00] ENGINE Bus STARTING
[26/Feb/2021:22:42:00] ENGINE Started monitor thread 'Autoreloader'.
[26/Feb/2021:22:42:00] ENGINE Serving on http://0.0.0.0:8080
[26/Feb/2021:22:42:00] ENGINE Bus STARTED
[26/Feb/2021:22:42:33] ENGINE Restarting because /Users/vitaliyuvarov/Documents/Greenhouse-control/controlers/main.py changed.
[26/Feb/2021:22:42:33] ENGINE Stopped thread 'Autoreloader'.
[26/Feb/2021:22:42:33] ENGINE Bus STOPPING
[26/Feb/2021:22:42:33] ENGINE HTTP Server cherrypy._cpwsgi_server.CPWSGIServer(('0.0.0.0', 8080)) shut down
[26/Feb/2021:22:42:33] ENGINE Bus STOPPED
[26/Feb/2021:22:42:33] ENGINE Bus EXITING
[26/Feb/2021:22:42:33] ENGINE Bus EXITED
[26/Feb/2021:22:42:33] ENGINE Waiting for child threads to terminate...
[26/Feb/2021:22:42:33] ENGINE Waiting for thread Thread-18.
[26/Feb/2021:22:42:35] ENGINE Re-spawning /Library/Developer/CommandLineTools/usr/bin/python3 /Users/vitaliyuvarov/Documents/Greenhouse-control/controlers/main.py
[26/Feb/2021:22:42:36] ENGINE Listening for SIGTERM.
[26/Feb/2021:22:42:36] ENGINE Listening for SIGHUP.
[26/Feb/2021:22:42:36] ENGINE Listening for SIGUSR1.
[26/Feb/2021:22:42:36] ENGINE Listening for SIGQUIT.
[26/Feb/2021:22:42:36] ENGINE Listening for SIGINT.
[26/Feb/2021:22:42:36] ENGINE Listening for SIGTERM.
[26/Feb/2021:22:42:36] ENGINE Listening for SIGHUP.
[26/Feb/2021:22:42:36] ENGINE Listening for SIGUSR1.
[26/Feb/2021:22:42:36] ENGINE Bus STARTING
[26/Feb/2021:22:42:36] ENGINE Started monitor thread 'Autoreloader'.
[26/Feb/2021:22:42:36] ENGINE Serving on http://0.0.0.0:8080
[26/Feb/2021:22:42:36] ENGINE Bus STARTED
[26/Feb/2021:22:42:59] ENGINE Restarting because /Users/vitaliyuvarov/Documents/Greenhouse-control/controlers/main.py changed.
[26/Feb/2021:22:42:59] ENGINE Stopped thread 'Autoreloader'.
[26/Feb/2021:22:42:59] ENGINE Bus STOPPING
[26/Feb/2021:22:42:59] ENGINE HTTP Server cherrypy._cpwsgi_server.CPWSGIServer(('0.0.0.0', 8080)) shut down
[26/Feb/2021:22:42:59] ENGINE Bus STOPPED
[26/Feb/2021:22:42:59] ENGINE Bus EXITING
[26/Feb/2021:22:42:59] ENGINE Bus EXITED
[26/Feb/2021:22:42:59] ENGINE Waiting for child threads to terminate...
[26/Feb/2021:22:42:59] ENGINE Waiting for thread Thread-16.
[26/Feb/2021:22:43:01] ENGINE Re-spawning /Library/Developer/CommandLineTools/usr/bin/python3 /Users/vitaliyuvarov/Documents/Greenhouse-control/controlers/main.py
[26/Feb/2021:22:43:02] ENGINE Listening for SIGTERM.
[26/Feb/2021:22:43:02] ENGINE Listening for SIGHUP.
[26/Feb/2021:22:43:02] ENGINE Listening for SIGUSR1.
[26/Feb/2021:22:43:02] ENGINE Listening for SIGQUIT.
[26/Feb/2021:22:43:02] ENGINE Listening for SIGINT.
[26/Feb/2021:22:43:02] ENGINE Listening for SIGTERM.
[26/Feb/2021:22:43:02] ENGINE Listening for SIGHUP.
[26/Feb/2021:22:43:02] ENGINE Listening for SIGUSR1.
[26/Feb/2021:22:43:02] ENGINE Bus STARTING
[26/Feb/2021:22:43:02] ENGINE Started monitor thread 'Autoreloader'.
[26/Feb/2021:22:43:02] ENGINE Serving on http://0.0.0.0:8080
[26/Feb/2021:22:43:02] ENGINE Bus STARTED
[26/Feb/2021:22:43:04] ENGINE Restarting because /Users/vitaliyuvarov/Documents/Greenhouse-control/controlers/main.py changed.
[26/Feb/2021:22:43:04] ENGINE Stopped thread 'Autoreloader'.
[26/Feb/2021:22:43:04] ENGINE Bus STOPPING
[26/Feb/2021:22:43:04] ENGINE HTTP Server cherrypy._cpwsgi_server.CPWSGIServer(('0.0.0.0', 8080)) shut down
[26/Feb/2021:22:43:04] ENGINE Bus STOPPED
[26/Feb/2021:22:43:04] ENGINE Bus EXITING
[26/Feb/2021:22:43:04] ENGINE Bus EXITED
[26/Feb/2021:22:43:04] ENGINE Waiting for child threads to terminate...
[26/Feb/2021:22:43:04] ENGINE Waiting for thread Thread-1.
[26/Feb/2021:22:43:07] ENGINE Re-spawning /Library/Developer/CommandLineTools/usr/bin/python3 /Users/vitaliyuvarov/Documents/Greenhouse-control/controlers/main.py
[26/Feb/2021:22:43:07] ENGINE Listening for SIGTERM.
[26/Feb/2021:22:43:07] ENGINE Listening for SIGHUP.
[26/Feb/2021:22:43:07] ENGINE Listening for SIGUSR1.
[26/Feb/2021:22:43:07] ENGINE Listening for SIGQUIT.
[26/Feb/2021:22:43:07] ENGINE Listening for SIGINT.
[26/Feb/2021:22:43:07] ENGINE Listening for SIGTERM.
[26/Feb/2021:22:43:07] ENGINE Listening for SIGHUP.
[26/Feb/2021:22:43:07] ENGINE Listening for SIGUSR1.
[26/Feb/2021:22:43:07] ENGINE Bus STARTING
[26/Feb/2021:22:43:07] ENGINE Started monitor thread 'Autoreloader'.
[26/Feb/2021:22:43:08] ENGINE Serving on http://0.0.0.0:8080
[26/Feb/2021:22:43:08] ENGINE Bus STARTED
[26/Feb/2021:22:44:35] ENGINE Restarting because /Users/vitaliyuvarov/Documents/Greenhouse-control/controlers/main.py changed.
[26/Feb/2021:22:44:35] ENGINE Stopped thread 'Autoreloader'.
[26/Feb/2021:22:44:35] ENGINE Bus STOPPING
[26/Feb/2021:22:44:35] ENGINE HTTP Server cherrypy._cpwsgi_server.CPWSGIServer(('0.0.0.0', 8080)) shut down
[26/Feb/2021:22:44:35] ENGINE Bus STOPPED
[26/Feb/2021:22:44:35] ENGINE Bus EXITING
[26/Feb/2021:22:44:35] ENGINE Bus EXITED
[26/Feb/2021:22:44:35] ENGINE Waiting for child threads to terminate...
[26/Feb/2021:22:44:35] ENGINE Waiting for thread Thread-27.
[26/Feb/2021:22:44:38] ENGINE Re-spawning /Library/Developer/CommandLineTools/usr/bin/python3 /Users/vitaliyuvarov/Documents/Greenhouse-control/controlers/main.py
[26/Feb/2021:22:44:38] ENGINE Listening for SIGTERM.
[26/Feb/2021:22:44:38] ENGINE Listening for SIGHUP.
[26/Feb/2021:22:44:38] ENGINE Listening for SIGUSR1.
[26/Feb/2021:22:44:38] ENGINE Listening for SIGQUIT.
[26/Feb/2021:22:44:38] ENGINE Listening for SIGINT.
[26/Feb/2021:22:44:39] ENGINE Listening for SIGTERM.
[26/Feb/2021:22:44:39] ENGINE Listening for SIGHUP.
[26/Feb/2021:22:44:39] ENGINE Listening for SIGUSR1.
[26/Feb/2021:22:44:39] ENGINE Bus STARTING
[26/Feb/2021:22:44:39] ENGINE Started monitor thread 'Autoreloader'.
[26/Feb/2021:22:44:39] ENGINE Serving on http://0.0.0.0:8080
[26/Feb/2021:22:44:39] ENGINE Bus STARTED
[26/Feb/2021:22:44:44] ENGINE Restarting because /Users/vitaliyuvarov/Documents/Greenhouse-control/controlers/main.py changed.
[26/Feb/2021:22:44:44] ENGINE Stopped thread 'Autoreloader'.
[26/Feb/2021:22:44:44] ENGINE Bus STOPPING
[26/Feb/2021:22:44:44] ENGINE HTTP Server cherrypy._cpwsgi_server.CPWSGIServer(('0.0.0.0', 8080)) shut down
[26/Feb/2021:22:44:44] ENGINE Bus STOPPED
[26/Feb/2021:22:44:44] ENGINE Bus EXITING
[26/Feb/2021:22:44:44] ENGINE Bus EXITED
[26/Feb/2021:22:44:44] ENGINE Waiting for child threads to terminate...
[26/Feb/2021:22:44:44] ENGINE Waiting for thread Thread-14.
[26/Feb/2021:22:44:49] ENGINE Re-spawning /Library/Developer/CommandLineTools/usr/bin/python3 /Users/vitaliyuvarov/Documents/Greenhouse-control/controlers/main.py
[26/Feb/2021:22:44:49] ENGINE Listening for SIGTERM.
[26/Feb/2021:22:44:49] ENGINE Listening for SIGHUP.
[26/Feb/2021:22:44:49] ENGINE Listening for SIGUSR1.
[26/Feb/2021:22:44:49] ENGINE Listening for SIGQUIT.
[26/Feb/2021:22:44:49] ENGINE Listening for SIGINT.
[26/Feb/2021:22:44:49] ENGINE Listening for SIGTERM.
[26/Feb/2021:22:44:49] ENGINE Listening for SIGHUP.
[26/Feb/2021:22:44:49] ENGINE Listening for SIGUSR1.
[26/Feb/2021:22:44:49] ENGINE Bus STARTING
[26/Feb/2021:22:44:49] ENGINE Started monitor thread 'Autoreloader'.
[26/Feb/2021:22:44:49] ENGINE Serving on http://0.0.0.0:8080
[26/Feb/2021:22:44:49] ENGINE Bus STARTED
[26/Feb/2021:23:04:02] ENGINE Restarting because /Users/vitaliyuvarov/Documents/Greenhouse-control/controlers/main.py changed.
[26/Feb/2021:23:04:02] ENGINE Stopped thread 'Autoreloader'.
[26/Feb/2021:23:04:02] ENGINE Bus STOPPING
[26/Feb/2021:23:04:02] ENGINE HTTP Server cherrypy._cpwsgi_server.CPWSGIServer(('0.0.0.0', 8080)) shut down
[26/Feb/2021:23:04:02] ENGINE Bus STOPPED
[26/Feb/2021:23:04:02] ENGINE Bus EXITING
[26/Feb/2021:23:04:02] ENGINE Bus EXITED
[26/Feb/2021:23:04:02] ENGINE Waiting for child threads to terminate...
[26/Feb/2021:23:04:02] ENGINE Waiting for thread Thread-203.
[26/Feb/2021:23:04:04] ENGINE Re-spawning /Library/Developer/CommandLineTools/usr/bin/python3 /Users/vitaliyuvarov/Documents/Greenhouse-control/controlers/main.py
[26/Feb/2021:23:04:05] ENGINE Listening for SIGTERM.
[26/Feb/2021:23:04:05] ENGINE Listening for SIGHUP.
[26/Feb/2021:23:04:05] ENGINE Listening for SIGUSR1.
[26/Feb/2021:23:04:05] ENGINE Listening for SIGQUIT.
[26/Feb/2021:23:04:05] ENGINE Listening for SIGINT.
[26/Feb/2021:23:04:05] ENGINE Listening for SIGTERM.
[26/Feb/2021:23:04:05] ENGINE Listening for SIGHUP.
[26/Feb/2021:23:04:05] ENGINE Listening for SIGUSR1.
[26/Feb/2021:23:04:05] ENGINE Bus STARTING
[26/Feb/2021:23:04:05] ENGINE Started monitor thread 'Autoreloader'.
[26/Feb/2021:23:04:05] ENGINE Serving on http://0.0.0.0:8080
[26/Feb/2021:23:04:05] ENGINE Bus STARTED
[26/Feb/2021:23:04:18] ENGINE Restarting because /Users/vitaliyuvarov/Documents/Greenhouse-control/controlers/main.py changed.
[26/Feb/2021:23:04:18] ENGINE Stopped thread 'Autoreloader'.
[26/Feb/2021:23:04:18] ENGINE Bus STOPPING
[26/Feb/2021:23:04:18] ENGINE HTTP Server cherrypy._cpwsgi_server.CPWSGIServer(('0.0.0.0', 8080)) shut down
[26/Feb/2021:23:04:18] ENGINE Bus STOPPED
[26/Feb/2021:23:04:18] ENGINE Bus EXITING
[26/Feb/2021:23:04:18] ENGINE Bus EXITED
[26/Feb/2021:23:04:18] ENGINE Waiting for child threads to terminate...
[26/Feb/2021:23:04:18] ENGINE Waiting for thread Thread-15.
[26/Feb/2021:23:04:20] ENGINE Re-spawning /Library/Developer/CommandLineTools/usr/bin/python3 /Users/vitaliyuvarov/Documents/Greenhouse-control/controlers/main.py
[26/Feb/2021:23:04:21] ENGINE Listening for SIGTERM.
[26/Feb/2021:23:04:21] ENGINE Listening for SIGHUP.
[26/Feb/2021:23:04:21] ENGINE Listening for SIGUSR1.
[26/Feb/2021:23:04:21] ENGINE Listening for SIGQUIT.
[26/Feb/2021:23:04:21] ENGINE Listening for SIGINT.
[26/Feb/2021:23:04:21] ENGINE Listening for SIGTERM.
[26/Feb/2021:23:04:21] ENGINE Listening for SIGHUP.
[26/Feb/2021:23:04:21] ENGINE Listening for SIGUSR1.
[26/Feb/2021:23:04:21] ENGINE Bus STARTING
[26/Feb/2021:23:04:21] ENGINE Started monitor thread 'Autoreloader'.
[26/Feb/2021:23:04:21] ENGINE Serving on http://0.0.0.0:8080
[26/Feb/2021:23:04:21] ENGINE Bus STARTED
[26/Feb/2021:23:07:07] ENGINE Restarting because /Users/vitaliyuvarov/Documents/Greenhouse-control/controlers/main.py changed.
[26/Feb/2021:23:07:07] ENGINE Stopped thread 'Autoreloader'.
[26/Feb/2021:23:07:07] ENGINE Bus STOPPING
[26/Feb/2021:23:07:07] ENGINE HTTP Server cherrypy._cpwsgi_server.CPWSGIServer(('0.0.0.0', 8080)) shut down
[26/Feb/2021:23:07:07] ENGINE Bus STOPPED
[26/Feb/2021:23:07:07] ENGINE Bus EXITING
[26/Feb/2021:23:07:07] ENGINE Bus EXITED
[26/Feb/2021:23:07:08] ENGINE Waiting for child threads to terminate...
[26/Feb/2021:23:07:08] ENGINE Waiting for thread Thread-40.
[26/Feb/2021:23:07:12] ENGINE Re-spawning /Library/Developer/CommandLineTools/usr/bin/python3 /Users/vitaliyuvarov/Documents/Greenhouse-control/controlers/main.py
[26/Feb/2021:23:07:12] ENGINE Listening for SIGTERM.
[26/Feb/2021:23:07:12] ENGINE Listening for SIGHUP.
[26/Feb/2021:23:07:12] ENGINE Listening for SIGUSR1.
[26/Feb/2021:23:07:12] ENGINE Listening for SIGQUIT.
[26/Feb/2021:23:07:12] ENGINE Listening for SIGINT.
[26/Feb/2021:23:07:12] ENGINE Listening for SIGTERM.
[26/Feb/2021:23:07:12] ENGINE Listening for SIGHUP.
[26/Feb/2021:23:07:12] ENGINE Listening for SIGUSR1.
[26/Feb/2021:23:07:12] ENGINE Bus STARTING
[26/Feb/2021:23:07:12] ENGINE Started monitor thread 'Autoreloader'.
[26/Feb/2021:23:07:12] ENGINE Serving on http://0.0.0.0:8080
[26/Feb/2021:23:07:12] ENGINE Bus STARTED
[26/Feb/2021:23:07:48] ENGINE Restarting because /Users/vitaliyuvarov/Documents/Greenhouse-control/controlers/main.py changed.
[26/Feb/2021:23:07:48] ENGINE Stopped thread 'Autoreloader'.
[26/Feb/2021:23:07:48] ENGINE Bus STOPPING
[26/Feb/2021:23:07:48] ENGINE HTTP Server cherrypy._cpwsgi_server.CPWSGIServer(('0.0.0.0', 8080)) shut down
[26/Feb/2021:23:07:48] ENGINE Bus STOPPED
[26/Feb/2021:23:07:48] ENGINE Bus EXITING
[26/Feb/2021:23:07:48] ENGINE Bus EXITED
[26/Feb/2021:23:07:48] ENGINE Waiting for child threads to terminate...
[26/Feb/2021:23:07:48] ENGINE Waiting for thread Thread-19.
[26/Feb/2021:23:07:52] ENGINE Re-spawning /Library/Developer/CommandLineTools/usr/bin/python3 /Users/vitaliyuvarov/Documents/Greenhouse-control/controlers/main.py
[26/Feb/2021:23:07:53] ENGINE Listening for SIGTERM.
[26/Feb/2021:23:07:53] ENGINE Listening for SIGHUP.
[26/Feb/2021:23:07:53] ENGINE Listening for SIGUSR1.
[26/Feb/2021:23:07:53] ENGINE Listening for SIGQUIT.
[26/Feb/2021:23:07:53] ENGINE Listening for SIGINT.
[26/Feb/2021:23:07:53] ENGINE Listening for SIGTERM.
[26/Feb/2021:23:07:53] ENGINE Listening for SIGHUP.
[26/Feb/2021:23:07:53] ENGINE Listening for SIGUSR1.
[26/Feb/2021:23:07:53] ENGINE Bus STARTING
[26/Feb/2021:23:07:53] ENGINE Started monitor thread 'Autoreloader'.
[26/Feb/2021:23:07:53] ENGINE Serving on http://0.0.0.0:8080
[26/Feb/2021:23:07:53] ENGINE Bus STARTED
[26/Feb/2021:23:12:43] ENGINE Caught signal SIGINT.
[26/Feb/2021:23:12:43] ENGINE Bus STOPPING
[26/Feb/2021:23:12:43] ENGINE HTTP Server cherrypy._cpwsgi_server.CPWSGIServer(('0.0.0.0', 8080)) shut down
[26/Feb/2021:23:12:43] ENGINE Stopped thread 'Autoreloader'.
[26/Feb/2021:23:12:43] ENGINE Bus STOPPED
[26/Feb/2021:23:12:43] ENGINE Bus EXITING
[26/Feb/2021:23:12:43] ENGINE Bus EXITED
[26/Feb/2021:23:12:43] ENGINE Waiting for child threads to terminate...
[26/Feb/2021:23:12:43] ENGINE Waiting for thread Thread-60.
[26/Feb/2021:23:21:19] ENGINE Listening for SIGTERM.
[26/Feb/2021:23:21:19] ENGINE Listening for SIGHUP.
[26/Feb/2021:23:21:19] ENGINE Listening for SIGUSR1.
[26/Feb/2021:23:21:19] ENGINE Listening for SIGQUIT.
[26/Feb/2021:23:21:19] ENGINE Listening for SIGINT.
[26/Feb/2021:23:21:24] ENGINE Listening for SIGTERM.
[26/Feb/2021:23:21:24] ENGINE Listening for SIGHUP.
[26/Feb/2021:23:21:24] ENGINE Listening for SIGUSR1.
[26/Feb/2021:23:21:24] ENGINE Bus STARTING
[26/Feb/2021:23:21:24] ENGINE Started monitor thread 'Autoreloader'.
[26/Feb/2021:23:21:24] ENGINE Serving on http://0.0.0.0:8080
[26/Feb/2021:23:21:24] ENGINE Bus STARTED
[26/Feb/2021:23:26:12] ENGINE Caught signal SIGHUP.
[26/Feb/2021:23:26:12] ENGINE Bus STOPPING
[26/Feb/2021:23:26:12] ENGINE HTTP Server cherrypy._cpwsgi_server.CPWSGIServer(('0.0.0.0', 8080)) shut down
[26/Feb/2021:23:26:12] ENGINE Stopped thread 'Autoreloader'.
[26/Feb/2021:23:26:12] ENGINE Bus STOPPED
[26/Feb/2021:23:26:12] ENGINE Bus EXITING
[26/Feb/2021:23:26:12] ENGINE Bus EXITED
[26/Feb/2021:23:26:12] ENGINE SIGHUP caught but not daemonized. Exiting.
[26/Feb/2021:23:26:12] ENGINE Bus STOPPING
[26/Feb/2021:23:26:12] ENGINE HTTP Server cherrypy._cpwsgi_server.CPWSGIServer(('0.0.0.0', 8080)) already shut down
[26/Feb/2021:23:26:12] ENGINE No thread running for None.
[26/Feb/2021:23:26:12] ENGINE Bus STOPPED
[26/Feb/2021:23:26:12] ENGINE Bus EXITING
[26/Feb/2021:23:26:12] ENGINE Bus EXITED
[26/Feb/2021:23:26:12] ENGINE Waiting for child threads to terminate...
[26/Feb/2021:23:26:12] ENGINE Waiting for thread Thread-61.
[26/Feb/2021:23:26:12] ENGINE Caught signal SIGHUP.
[26/Feb/2021:23:26:12] ENGINE Bus STOPPING
[26/Feb/2021:23:26:12] ENGINE HTTP Server cherrypy._cpwsgi_server.CPWSGIServer(('0.0.0.0', 8080)) already shut down
[26/Feb/2021:23:26:12] ENGINE No thread running for None.
[26/Feb/2021:23:26:12] ENGINE Bus STOPPED
[26/Feb/2021:23:26:12] ENGINE Bus EXITING
[26/Feb/2021:23:26:12] ENGINE Bus EXITED
[26/Feb/2021:23:26:12] ENGINE SIGHUP caught but not daemonized. Exiting.
[26/Feb/2021:23:26:12] ENGINE Bus STOPPING
[26/Feb/2021:23:26:12] ENGINE HTTP Server cherrypy._cpwsgi_server.CPWSGIServer(('0.0.0.0', 8080)) already shut down
[26/Feb/2021:23:26:12] ENGINE No thread running for None.
[26/Feb/2021:23:26:12] ENGINE Bus STOPPED
[26/Feb/2021:23:26:12] ENGINE Bus EXITING
[26/Feb/2021:23:26:12] ENGINE Bus EXITED
[26/Feb/2021:23:26:40] ENGINE Listening for SIGTERM.
[26/Feb/2021:23:26:40] ENGINE Listening for SIGHUP.
[26/Feb/2021:23:26:40] ENGINE Listening for SIGUSR1.
[26/Feb/2021:23:26:40] ENGINE Listening for SIGQUIT.
[26/Feb/2021:23:26:40] ENGINE Listening for SIGINT.
[26/Feb/2021:23:26:45] ENGINE Listening for SIGTERM.
[26/Feb/2021:23:26:45] ENGINE Listening for SIGHUP.
[26/Feb/2021:23:26:45] ENGINE Listening for SIGUSR1.
[26/Feb/2021:23:26:45] ENGINE Bus STARTING
[26/Feb/2021:23:26:45] ENGINE Started monitor thread 'Autoreloader'.
[26/Feb/2021:23:26:45] ENGINE Serving on http://0.0.0.0:8080
[26/Feb/2021:23:26:45] ENGINE Bus STARTED
[26/Feb/2021:23:28:14] ENGINE Restarting because /Users/vitaliyuvarov/Documents/Greenhouse-control/controlers/main.py changed.
[26/Feb/2021:23:28:14] ENGINE Stopped thread 'Autoreloader'.
[26/Feb/2021:23:28:14] ENGINE Bus STOPPING
[26/Feb/2021:23:28:14] ENGINE HTTP Server cherrypy._cpwsgi_server.CPWSGIServer(('0.0.0.0', 8080)) shut down
[26/Feb/2021:23:28:14] ENGINE Bus STOPPED
[26/Feb/2021:23:28:14] ENGINE Bus EXITING
[26/Feb/2021:23:28:14] ENGINE Bus EXITED
[26/Feb/2021:23:28:14] ENGINE Waiting for child threads to terminate...
[26/Feb/2021:23:28:14] ENGINE Waiting for thread Thread-27.
[26/Feb/2021:23:28:15] ENGINE Re-spawning /Library/Developer/CommandLineTools/usr/bin/python3 /Users/vitaliyuvarov/Documents/Greenhouse-control/controlers/main.py
[26/Feb/2021:23:28:16] ENGINE Listening for SIGTERM.
[26/Feb/2021:23:28:16] ENGINE Listening for SIGHUP.
[26/Feb/2021:23:28:16] ENGINE Listening for SIGUSR1.
[26/Feb/2021:23:28:16] ENGINE Listening for SIGQUIT.
[26/Feb/2021:23:28:16] ENGINE Listening for SIGINT.
[26/Feb/2021:23:28:16] ENGINE Listening for SIGTERM.
[26/Feb/2021:23:28:16] ENGINE Listening for SIGHUP.
[26/Feb/2021:23:28:16] ENGINE Listening for SIGUSR1.
[26/Feb/2021:23:28:16] ENGINE Bus STARTING
[26/Feb/2021:23:28:16] ENGINE Started monitor thread 'Autoreloader'.
[26/Feb/2021:23:28:16] ENGINE Serving on http://0.0.0.0:8080
[26/Feb/2021:23:28:16] ENGINE Bus STARTED
[26/Feb/2021:23:28:39] ENGINE Restarting because /Users/vitaliyuvarov/Documents/Greenhouse-control/controlers/main.py changed.
[26/Feb/2021:23:28:39] ENGINE Stopped thread 'Autoreloader'.
[26/Feb/2021:23:28:39] ENGINE Bus STOPPING
[26/Feb/2021:23:28:39] ENGINE HTTP Server cherrypy._cpwsgi_server.CPWSGIServer(('0.0.0.0', 8080)) shut down
[26/Feb/2021:23:28:39] ENGINE Bus STOPPED
[26/Feb/2021:23:28:39] ENGINE Bus EXITING
[26/Feb/2021:23:28:39] ENGINE Bus EXITED
[26/Feb/2021:23:28:39] ENGINE Waiting for child threads to terminate...
[26/Feb/2021:23:28:39] ENGINE Waiting for thread Thread-16.
[26/Feb/2021:23:28:41] ENGINE Re-spawning /Library/Developer/CommandLineTools/usr/bin/python3 /Users/vitaliyuvarov/Documents/Greenhouse-control/controlers/main.py
[26/Feb/2021:23:28:41] ENGINE Listening for SIGTERM.
[26/Feb/2021:23:28:41] ENGINE Listening for SIGHUP.
[26/Feb/2021:23:28:41] ENGINE Listening for SIGUSR1.
[26/Feb/2021:23:28:41] ENGINE Listening for SIGQUIT.
[26/Feb/2021:23:28:41] ENGINE Listening for SIGINT.
[26/Feb/2021:23:28:41] ENGINE Listening for SIGTERM.
[26/Feb/2021:23:28:41] ENGINE Listening for SIGHUP.
[26/Feb/2021:23:28:41] ENGINE Listening for SIGUSR1.
[26/Feb/2021:23:28:41] ENGINE Bus STARTING
[26/Feb/2021:23:28:41] ENGINE Started monitor thread 'Autoreloader'.
[26/Feb/2021:23:28:41] ENGINE Serving on http://0.0.0.0:8080
[26/Feb/2021:23:28:41] ENGINE Bus STARTED
[26/Feb/2021:23:37:25] ENGINE Restarting because /Users/vitaliyuvarov/Documents/Greenhouse-control/controlers/main.py changed.
[26/Feb/2021:23:37:25] ENGINE Stopped thread 'Autoreloader'.
[26/Feb/2021:23:37:25] ENGINE Bus STOPPING
[26/Feb/2021:23:37:25] ENGINE HTTP Server cherrypy._cpwsgi_server.CPWSGIServer(('0.0.0.0', 8080)) shut down
[26/Feb/2021:23:37:25] ENGINE Bus STOPPED
[26/Feb/2021:23:37:25] ENGINE Bus EXITING
[26/Feb/2021:23:37:25] ENGINE Bus EXITED
[26/Feb/2021:23:37:25] ENGINE Waiting for child threads to terminate...
[26/Feb/2021:23:37:25] ENGINE Waiting for thread Thread-100.
[26/Feb/2021:23:37:29] ENGINE Re-spawning /Library/Developer/CommandLineTools/usr/bin/python3 /Users/vitaliyuvarov/Documents/Greenhouse-control/controlers/main.py
[26/Feb/2021:23:37:29] ENGINE Listening for SIGTERM.
[26/Feb/2021:23:37:29] ENGINE Listening for SIGHUP.
[26/Feb/2021:23:37:29] ENGINE Listening for SIGUSR1.
[26/Feb/2021:23:37:29] ENGINE Listening for SIGQUIT.
[26/Feb/2021:23:37:29] ENGINE Listening for SIGINT.
[26/Feb/2021:23:37:29] ENGINE Listening for SIGTERM.
[26/Feb/2021:23:37:29] ENGINE Listening for SIGHUP.
[26/Feb/2021:23:37:29] ENGINE Listening for SIGUSR1.
[26/Feb/2021:23:37:29] ENGINE Bus STARTING
[26/Feb/2021:23:37:29] ENGINE Started monitor thread 'Autoreloader'.
[26/Feb/2021:23:37:30] ENGINE Serving on http://0.0.0.0:8080
[26/Feb/2021:23:37:30] ENGINE Bus STARTED
[26/Feb/2021:23:38:06] ENGINE Restarting because /Users/vitaliyuvarov/Documents/Greenhouse-control/controlers/BaseConstants.py changed.
[26/Feb/2021:23:38:06] ENGINE Stopped thread 'Autoreloader'.
[26/Feb/2021:23:38:06] ENGINE Bus STOPPING
[26/Feb/2021:23:38:06] ENGINE HTTP Server cherrypy._cpwsgi_server.CPWSGIServer(('0.0.0.0', 8080)) shut down
[26/Feb/2021:23:38:06] ENGINE Bus STOPPED
[26/Feb/2021:23:38:06] ENGINE Bus EXITING
[26/Feb/2021:23:38:06] ENGINE Bus EXITED
[26/Feb/2021:23:38:06] ENGINE Waiting for child threads to terminate...
[26/Feb/2021:23:38:06] ENGINE Waiting for thread Thread-18.
[26/Feb/2021:23:38:10] ENGINE Re-spawning /Library/Developer/CommandLineTools/usr/bin/python3 /Users/vitaliyuvarov/Documents/Greenhouse-control/controlers/main.py
[26/Feb/2021:23:38:10] ENGINE Listening for SIGTERM.
[26/Feb/2021:23:38:10] ENGINE Listening for SIGHUP.
[26/Feb/2021:23:38:10] ENGINE Listening for SIGUSR1.
[26/Feb/2021:23:38:10] ENGINE Listening for SIGQUIT.
[26/Feb/2021:23:38:10] ENGINE Listening for SIGINT.
[26/Feb/2021:23:38:10] ENGINE Listening for SIGTERM.
[26/Feb/2021:23:38:10] ENGINE Listening for SIGHUP.
[26/Feb/2021:23:38:10] ENGINE Listening for SIGUSR1.
[26/Feb/2021:23:38:10] ENGINE Bus STARTING
[26/Feb/2021:23:38:10] ENGINE Started monitor thread 'Autoreloader'.
[26/Feb/2021:23:38:10] ENGINE Serving on http://0.0.0.0:8080
[26/Feb/2021:23:38:10] ENGINE Bus STARTED
[26/Feb/2021:23:38:13] ENGINE Restarting because /Users/vitaliyuvarov/Documents/Greenhouse-control/controlers/main.py changed.
[26/Feb/2021:23:38:13] ENGINE Stopped thread 'Autoreloader'.
[26/Feb/2021:23:38:13] ENGINE Bus STOPPING
[26/Feb/2021:23:38:13] ENGINE HTTP Server cherrypy._cpwsgi_server.CPWSGIServer(('0.0.0.0', 8080)) shut down
[26/Feb/2021:23:38:13] ENGINE Bus STOPPED
[26/Feb/2021:23:38:13] ENGINE Bus EXITING
[26/Feb/2021:23:38:13] ENGINE Bus EXITED
[26/Feb/2021:23:38:13] ENGINE Waiting for child threads to terminate...
[26/Feb/2021:23:38:13] ENGINE Waiting for thread Thread-1.
[26/Feb/2021:23:38:15] ENGINE Re-spawning /Library/Developer/CommandLineTools/usr/bin/python3 /Users/vitaliyuvarov/Documents/Greenhouse-control/controlers/main.py
[26/Feb/2021:23:38:16] ENGINE Listening for SIGTERM.
[26/Feb/2021:23:38:16] ENGINE Listening for SIGHUP.
[26/Feb/2021:23:38:16] ENGINE Listening for SIGUSR1.
[26/Feb/2021:23:38:16] ENGINE Listening for SIGQUIT.
[26/Feb/2021:23:38:16] ENGINE Listening for SIGINT.
[26/Feb/2021:23:38:16] ENGINE Listening for SIGTERM.
[26/Feb/2021:23:38:16] ENGINE Listening for SIGHUP.
[26/Feb/2021:23:38:16] ENGINE Listening for SIGUSR1.
[26/Feb/2021:23:38:16] ENGINE Bus STARTING
[26/Feb/2021:23:38:16] ENGINE Started monitor thread 'Autoreloader'.
[26/Feb/2021:23:38:16] ENGINE Serving on http://0.0.0.0:8080
[26/Feb/2021:23:38:16] ENGINE Bus STARTED
[26/Feb/2021:23:44:28] ENGINE Caught signal SIGINT.
[26/Feb/2021:23:44:28] ENGINE Bus STOPPING
[26/Feb/2021:23:44:28] ENGINE HTTP Server cherrypy._cpwsgi_server.CPWSGIServer(('0.0.0.0', 8080)) shut down
[26/Feb/2021:23:44:28] ENGINE Stopped thread 'Autoreloader'.
[26/Feb/2021:23:44:28] ENGINE Bus STOPPED
[26/Feb/2021:23:44:28] ENGINE Bus EXITING
[26/Feb/2021:23:44:28] ENGINE Bus EXITED
[26/Feb/2021:23:44:28] ENGINE Waiting for child threads to terminate...
[26/Feb/2021:23:44:28] ENGINE Waiting for thread Thread-75.
[27/Feb/2021:15:11:09] ENGINE Listening for SIGTERM.
[27/Feb/2021:15:11:09] ENGINE Listening for SIGHUP.
[27/Feb/2021:15:11:09] ENGINE Listening for SIGUSR1.
[27/Feb/2021:15:11:09] ENGINE Listening for SIGQUIT.
[27/Feb/2021:15:11:09] ENGINE Listening for SIGINT.
[27/Feb/2021:15:11:14] ENGINE Listening for SIGTERM.
[27/Feb/2021:15:11:14] ENGINE Listening for SIGHUP.
[27/Feb/2021:15:11:14] ENGINE Listening for SIGUSR1.
[27/Feb/2021:15:11:14] ENGINE Bus STARTING
[27/Feb/2021:15:11:14] ENGINE Started monitor thread 'Autoreloader'.
[27/Feb/2021:15:11:14] ENGINE Serving on http://0.0.0.0:8080
[27/Feb/2021:15:11:14] ENGINE Bus STARTED
[27/Feb/2021:15:13:08] ENGINE Restarting because /Users/vitaliyuvarov/Documents/Greenhouse-control/controlers/networker.py changed.
[27/Feb/2021:15:13:08] ENGINE Stopped thread 'Autoreloader'.
[27/Feb/2021:15:13:08] ENGINE Bus STOPPING
[27/Feb/2021:15:13:08] ENGINE HTTP Server cherrypy._cpwsgi_server.CPWSGIServer(('0.0.0.0', 8080)) shut down
[27/Feb/2021:15:13:08] ENGINE Bus STOPPED
[27/Feb/2021:15:13:08] ENGINE Bus EXITING
[27/Feb/2021:15:13:08] ENGINE Bus EXITED
[27/Feb/2021:15:13:08] ENGINE Waiting for child threads to terminate...
[27/Feb/2021:15:13:08] ENGINE Waiting for thread Thread-31.
[27/Feb/2021:15:13:09] ENGINE Re-spawning /Library/Developer/CommandLineTools/usr/bin/python3 /Users/vitaliyuvarov/Documents/Greenhouse-control/controlers/main.py
[27/Feb/2021:15:13:10] ENGINE Listening for SIGTERM.
[27/Feb/2021:15:13:10] ENGINE Listening for SIGHUP.
[27/Feb/2021:15:13:10] ENGINE Listening for SIGUSR1.
[27/Feb/2021:15:13:10] ENGINE Listening for SIGQUIT.
[27/Feb/2021:15:13:10] ENGINE Listening for SIGINT.
[27/Feb/2021:15:13:10] ENGINE Listening for SIGTERM.
[27/Feb/2021:15:13:10] ENGINE Listening for SIGHUP.
[27/Feb/2021:15:13:10] ENGINE Listening for SIGUSR1.
[27/Feb/2021:15:13:10] ENGINE Bus STARTING
[27/Feb/2021:15:13:10] ENGINE Started monitor thread 'Autoreloader'.
[27/Feb/2021:15:13:10] ENGINE Serving on http://0.0.0.0:8080
[27/Feb/2021:15:13:10] ENGINE Bus STARTED
